{"C:\\Users\\GAD24\\Documents\\!Junia\\AP5\\projet\\projet\\vision-360\\vision360\\src\\index.css": {"path":"C:\\Users\\GAD24\\Documents\\!Junia\\AP5\\projet\\projet\\vision-360\\vision360\\src\\index.css","statementMap":{},"fnMap":{},"branchMap":{},"s":{},"f":{},"b":{},"meta":{"lastBranch":0,"lastFunction":0,"lastStatement":0,"seen":{}}}
,"C:\\Users\\GAD24\\Documents\\!Junia\\AP5\\projet\\projet\\vision-360\\vision360\\src\\components\\Navbar.jsx": {"path":"C:\\Users\\GAD24\\Documents\\!Junia\\AP5\\projet\\projet\\vision-360\\vision360\\src\\components\\Navbar.jsx","statementMap":{"0":{"start":{"line":7,"column":38},"end":{"line":7,"column":null}},"1":{"start":{"line":8,"column":30},"end":{"line":8,"column":null}},"2":{"start":{"line":10,"column":8},"end":{"line":10,"column":null}},"3":{"start":{"line":11,"column":21},"end":{"line":11,"column":null}},"4":{"start":{"line":13,"column":2},"end":{"line":71,"column":null}},"5":{"start":{"line":20,"column":23},"end":{"line":20,"column":null}},"6":{"start":{"line":20,"column":42},"end":{"line":20,"column":44}},"7":{"start":{"line":26,"column":43},"end":{"line":26,"column":63}},"8":{"start":{"line":33,"column":30},"end":{"line":33,"column":null}},"9":{"start":{"line":38,"column":27},"end":{"line":38,"column":null}},"10":{"start":{"line":38,"column":50},"end":{"line":38,"column":52}},"11":{"start":{"line":48,"column":18},"end":{"line":48,"column":null}},"12":{"start":{"line":49,"column":18},"end":{"line":49,"column":null}},"13":{"start":{"line":58,"column":18},"end":{"line":58,"column":null}},"14":{"start":{"line":59,"column":18},"end":{"line":59,"column":null}},"15":{"start":{"line":68,"column":45},"end":{"line":68,"column":65}},"16":{"start":{"line":69,"column":47},"end":{"line":69,"column":67}}},"fnMap":{"0":{"name":"Navbar","decl":{"start":{"line":6,"column":24},"end":{"line":6,"column":33}},"loc":{"start":{"line":6,"column":33},"end":{"line":73,"column":null}},"line":6},"1":{"name":"(anonymous_1)","decl":{"start":{"line":20,"column":17},"end":{"line":20,"column":23}},"loc":{"start":{"line":20,"column":23},"end":{"line":20,"column":null}},"line":20},"2":{"name":"(anonymous_2)","decl":{"start":{"line":20,"column":35},"end":{"line":20,"column":36}},"loc":{"start":{"line":20,"column":42},"end":{"line":20,"column":44}},"line":20},"3":{"name":"(anonymous_3)","decl":{"start":{"line":26,"column":37},"end":{"line":26,"column":43}},"loc":{"start":{"line":26,"column":43},"end":{"line":26,"column":63}},"line":26},"4":{"name":"(anonymous_4)","decl":{"start":{"line":33,"column":24},"end":{"line":33,"column":30}},"loc":{"start":{"line":33,"column":30},"end":{"line":33,"column":null}},"line":33},"5":{"name":"(anonymous_5)","decl":{"start":{"line":38,"column":21},"end":{"line":38,"column":27}},"loc":{"start":{"line":38,"column":27},"end":{"line":38,"column":null}},"line":38},"6":{"name":"(anonymous_6)","decl":{"start":{"line":38,"column":43},"end":{"line":38,"column":44}},"loc":{"start":{"line":38,"column":50},"end":{"line":38,"column":52}},"line":38},"7":{"name":"(anonymous_7)","decl":{"start":{"line":47,"column":25},"end":{"line":47,"column":31}},"loc":{"start":{"line":47,"column":31},"end":{"line":50,"column":null}},"line":47},"8":{"name":"(anonymous_8)","decl":{"start":{"line":57,"column":25},"end":{"line":57,"column":31}},"loc":{"start":{"line":57,"column":31},"end":{"line":60,"column":null}},"line":57},"9":{"name":"(anonymous_9)","decl":{"start":{"line":68,"column":39},"end":{"line":68,"column":45}},"loc":{"start":{"line":68,"column":45},"end":{"line":68,"column":65}},"line":68},"10":{"name":"(anonymous_10)","decl":{"start":{"line":69,"column":41},"end":{"line":69,"column":47}},"loc":{"start":{"line":69,"column":47},"end":{"line":69,"column":67}},"line":69}},"branchMap":{"0":{"loc":{"start":{"line":25,"column":35},"end":{"line":25,"column":57}},"type":"cond-expr","locations":[{"start":{"line":25,"column":46},"end":{"line":25,"column":55}},{"start":{"line":25,"column":55},"end":{"line":25,"column":57}}],"line":25},"1":{"loc":{"start":{"line":37,"column":41},"end":{"line":37,"column":67}},"type":"cond-expr","locations":[{"start":{"line":37,"column":54},"end":{"line":37,"column":65}},{"start":{"line":37,"column":65},"end":{"line":37,"column":67}}],"line":37},"2":{"loc":{"start":{"line":43,"column":11},"end":{"line":64,"column":null}},"type":"binary-expr","locations":[{"start":{"line":43,"column":11},"end":{"line":43,"column":null}},{"start":{"line":44,"column":12},"end":{"line":64,"column":null}}],"line":43}},"s":{"0":3,"1":3,"2":3,"3":3,"4":3,"5":0,"6":0,"7":0,"8":0,"9":1,"10":1,"11":0,"12":0,"13":0,"14":0,"15":0,"16":0},"f":{"0":3,"1":0,"2":0,"3":0,"4":0,"5":1,"6":1,"7":0,"8":0,"9":0,"10":0},"b":{"0":[0,3],"1":[0,3],"2":[3,1]},"meta":{"lastBranch":3,"lastFunction":11,"lastStatement":17,"seen":{"f:6:24:6:33":0,"s:7:38:7:Infinity":0,"s:8:30:8:Infinity":1,"s:10:8:10:Infinity":2,"s:11:21:11:Infinity":3,"s:13:2:71:Infinity":4,"f:20:17:20:23":1,"s:20:23:20:Infinity":5,"f:20:35:20:36":2,"s:20:42:20:44":6,"b:25:46:25:55:25:55:25:57":0,"f:26:37:26:43":3,"s:26:43:26:63":7,"f:33:24:33:30":4,"s:33:30:33:Infinity":8,"b:37:54:37:65:37:65:37:67":1,"f:38:21:38:27":5,"s:38:27:38:Infinity":9,"f:38:43:38:44":6,"s:38:50:38:52":10,"b:43:11:43:Infinity:44:12:64:Infinity":2,"f:47:25:47:31":7,"s:48:18:48:Infinity":11,"s:49:18:49:Infinity":12,"f:57:25:57:31":8,"s:58:18:58:Infinity":13,"s:59:18:59:Infinity":14,"f:68:39:68:45":9,"s:68:45:68:65":15,"f:69:41:69:47":10,"s:69:47:69:67":16}}}
,"C:\\Users\\GAD24\\Documents\\!Junia\\AP5\\projet\\projet\\vision-360\\vision360\\src\\data\\data.json": {"path":"C:\\Users\\GAD24\\Documents\\!Junia\\AP5\\projet\\projet\\vision-360\\vision360\\src\\data\\data.json","statementMap":{},"fnMap":{},"branchMap":{},"s":{},"f":{},"b":{},"meta":{"lastBranch":0,"lastFunction":0,"lastStatement":0,"seen":{}}}
,"C:\\Users\\GAD24\\Documents\\!Junia\\AP5\\projet\\projet\\vision-360\\vision360\\src\\pages\\schedule.css": {"path":"C:\\Users\\GAD24\\Documents\\!Junia\\AP5\\projet\\projet\\vision-360\\vision360\\src\\pages\\schedule.css","statementMap":{},"fnMap":{},"branchMap":{},"s":{},"f":{},"b":{},"meta":{"lastBranch":0,"lastFunction":0,"lastStatement":0,"seen":{}}}
,"C:\\Users\\GAD24\\Documents\\!Junia\\AP5\\projet\\projet\\vision-360\\vision360\\src\\pages\\schedule.jsx": {"path":"C:\\Users\\GAD24\\Documents\\!Junia\\AP5\\projet\\projet\\vision-360\\vision360\\src\\pages\\schedule.jsx","statementMap":{"0":{"start":{"line":6,"column":22},"end":{"line":6,"column":null}},"1":{"start":{"line":7,"column":20},"end":{"line":7,"column":null}},"2":{"start":{"line":8,"column":21},"end":{"line":8,"column":null}},"3":{"start":{"line":10,"column":23},"end":{"line":10,"column":null}},"4":{"start":{"line":12,"column":15},"end":{"line":21,"column":null}},"5":{"start":{"line":26,"column":2},"end":{"line":26,"column":null}},"6":{"start":{"line":30,"column":12},"end":{"line":30,"column":null}},"7":{"start":{"line":31,"column":2},"end":{"line":31,"column":null}},"8":{"start":{"line":35,"column":12},"end":{"line":35,"column":null}},"9":{"start":{"line":36,"column":2},"end":{"line":36,"column":null}},"10":{"start":{"line":37,"column":2},"end":{"line":37,"column":null}},"11":{"start":{"line":41,"column":12},"end":{"line":41,"column":null}},"12":{"start":{"line":42,"column":14},"end":{"line":42,"column":null}},"13":{"start":{"line":43,"column":8},"end":{"line":43,"column":null}},"14":{"start":{"line":44,"column":2},"end":{"line":44,"column":null}},"15":{"start":{"line":45,"column":2},"end":{"line":45,"column":null}},"16":{"start":{"line":49,"column":14},"end":{"line":49,"column":null}},"17":{"start":{"line":50,"column":14},"end":{"line":50,"column":null}},"18":{"start":{"line":51,"column":23},"end":{"line":51,"column":null}},"19":{"start":{"line":52,"column":23},"end":{"line":52,"column":null}},"20":{"start":{"line":53,"column":2},"end":{"line":53,"column":null}},"21":{"start":{"line":57,"column":2},"end":{"line":57,"column":null}},"22":{"start":{"line":57,"column":60},"end":{"line":57,"column":null}},"23":{"start":{"line":58,"column":20},"end":{"line":58,"column":null}},"24":{"start":{"line":59,"column":2},"end":{"line":59,"column":null}},"25":{"start":{"line":63,"column":2},"end":{"line":63,"column":null}},"26":{"start":{"line":63,"column":58},"end":{"line":63,"column":null}},"27":{"start":{"line":64,"column":13},"end":{"line":64,"column":null}},"28":{"start":{"line":65,"column":13},"end":{"line":65,"column":null}},"29":{"start":{"line":66,"column":2},"end":{"line":66,"column":null}},"30":{"start":{"line":66,"column":44},"end":{"line":66,"column":null}},"31":{"start":{"line":67,"column":2},"end":{"line":67,"column":null}},"32":{"start":{"line":71,"column":2},"end":{"line":71,"column":null}},"33":{"start":{"line":75,"column":19},"end":{"line":75,"column":null}},"34":{"start":{"line":76,"column":2},"end":{"line":76,"column":null}},"35":{"start":{"line":76,"column":40},"end":{"line":76,"column":null}},"36":{"start":{"line":77,"column":12},"end":{"line":77,"column":null}},"37":{"start":{"line":78,"column":2},"end":{"line":78,"column":null}},"38":{"start":{"line":82,"column":14},"end":{"line":82,"column":null}},"39":{"start":{"line":83,"column":2},"end":{"line":83,"column":null}},"40":{"start":{"line":83,"column":12},"end":{"line":83,"column":null}},"41":{"start":{"line":84,"column":16},"end":{"line":84,"column":null}},"42":{"start":{"line":85,"column":17},"end":{"line":85,"column":null}},"43":{"start":{"line":85,"column":35},"end":{"line":85,"column":65}},"44":{"start":{"line":86,"column":2},"end":{"line":86,"column":null}},"45":{"start":{"line":86,"column":14},"end":{"line":86,"column":null}},"46":{"start":{"line":87,"column":12},"end":{"line":87,"column":null}},"47":{"start":{"line":88,"column":2},"end":{"line":88,"column":null}},"48":{"start":{"line":88,"column":14},"end":{"line":88,"column":null}},"49":{"start":{"line":89,"column":2},"end":{"line":89,"column":null}},"50":{"start":{"line":93,"column":16},"end":{"line":93,"column":null}},"51":{"start":{"line":94,"column":15},"end":{"line":94,"column":null}},"52":{"start":{"line":95,"column":2},"end":{"line":95,"column":null}},"53":{"start":{"line":99,"column":13},"end":{"line":99,"column":null}},"54":{"start":{"line":100,"column":13},"end":{"line":100,"column":null}},"55":{"start":{"line":101,"column":2},"end":{"line":101,"column":null}},"56":{"start":{"line":105,"column":12},"end":{"line":105,"column":null}},"57":{"start":{"line":106,"column":12},"end":{"line":106,"column":null}},"58":{"start":{"line":107,"column":2},"end":{"line":107,"column":null}},"59":{"start":{"line":111,"column":2},"end":{"line":118,"column":null}},"60":{"start":{"line":114,"column":6},"end":{"line":117,"column":null}},"61":{"start":{"line":122,"column":2},"end":{"line":126,"column":null}},"62":{"start":{"line":130,"column":2},"end":{"line":130,"column":null}},"63":{"start":{"line":130,"column":32},"end":{"line":130,"column":null}},"64":{"start":{"line":131,"column":14},"end":{"line":131,"column":null}},"65":{"start":{"line":132,"column":2},"end":{"line":135,"column":null}},"66":{"start":{"line":133,"column":16},"end":{"line":133,"column":null}},"67":{"start":{"line":134,"column":4},"end":{"line":134,"column":null}},"68":{"start":{"line":134,"column":21},"end":{"line":134,"column":null}},"69":{"start":{"line":136,"column":2},"end":{"line":136,"column":null}},"70":{"start":{"line":142,"column":2},"end":{"line":142,"column":null}},"71":{"start":{"line":142,"column":39},"end":{"line":142,"column":null}},"72":{"start":{"line":143,"column":10},"end":{"line":143,"column":null}},"73":{"start":{"line":144,"column":2},"end":{"line":144,"column":null}},"74":{"start":{"line":144,"column":25},"end":{"line":144,"column":null}},"75":{"start":{"line":145,"column":2},"end":{"line":150,"column":null}},"76":{"start":{"line":146,"column":4},"end":{"line":149,"column":null}},"77":{"start":{"line":148,"column":19},"end":{"line":148,"column":26}},"78":{"start":{"line":151,"column":14},"end":{"line":151,"column":null}},"79":{"start":{"line":152,"column":2},"end":{"line":152,"column":null}},"80":{"start":{"line":152,"column":25},"end":{"line":152,"column":null}},"81":{"start":{"line":154,"column":11},"end":{"line":154,"column":null}},"82":{"start":{"line":155,"column":11},"end":{"line":155,"column":null}},"83":{"start":{"line":156,"column":10},"end":{"line":156,"column":null}},"84":{"start":{"line":158,"column":12},"end":{"line":158,"column":null}},"85":{"start":{"line":159,"column":2},"end":{"line":159,"column":null}},"86":{"start":{"line":160,"column":2},"end":{"line":160,"column":null}},"87":{"start":{"line":161,"column":2},"end":{"line":161,"column":null}},"88":{"start":{"line":163,"column":2},"end":{"line":163,"column":null}},"89":{"start":{"line":169,"column":2},"end":{"line":171,"column":null}},"90":{"start":{"line":170,"column":4},"end":{"line":170,"column":null}},"91":{"start":{"line":170,"column":41},"end":{"line":170,"column":69}},"92":{"start":{"line":173,"column":17},"end":{"line":196,"column":null}},"93":{"start":{"line":175,"column":20},"end":{"line":179,"column":null}},"94":{"start":{"line":180,"column":21},"end":{"line":184,"column":null}},"95":{"start":{"line":185,"column":18},"end":{"line":185,"column":null}},"96":{"start":{"line":187,"column":6},"end":{"line":194,"column":null}},"97":{"start":{"line":196,"column":20},"end":{"line":196,"column":54}},"98":{"start":{"line":198,"column":22},"end":{"line":198,"column":null}},"99":{"start":{"line":199,"column":15},"end":{"line":199,"column":null}},"100":{"start":{"line":200,"column":14},"end":{"line":200,"column":null}},"101":{"start":{"line":201,"column":20},"end":{"line":201,"column":null}},"102":{"start":{"line":203,"column":21},"end":{"line":211,"column":null}},"103":{"start":{"line":204,"column":4},"end":{"line":204,"column":null}},"104":{"start":{"line":204,"column":23},"end":{"line":204,"column":null}},"105":{"start":{"line":205,"column":17},"end":{"line":205,"column":null}},"106":{"start":{"line":206,"column":4},"end":{"line":208,"column":null}},"107":{"start":{"line":207,"column":6},"end":{"line":207,"column":null}},"108":{"start":{"line":209,"column":4},"end":{"line":209,"column":null}},"109":{"start":{"line":210,"column":4},"end":{"line":210,"column":null}},"110":{"start":{"line":213,"column":2},"end":{"line":227,"column":null}},"111":{"start":{"line":215,"column":4},"end":{"line":215,"column":null}},"112":{"start":{"line":215,"column":34},"end":{"line":215,"column":52}},"113":{"start":{"line":218,"column":4},"end":{"line":218,"column":null}},"114":{"start":{"line":218,"column":29},"end":{"line":218,"column":null}},"115":{"start":{"line":220,"column":17},"end":{"line":220,"column":null}},"116":{"start":{"line":220,"column":43},"end":{"line":220,"column":48}},"117":{"start":{"line":221,"column":14},"end":{"line":221,"column":null}},"118":{"start":{"line":222,"column":4},"end":{"line":222,"column":null}},"119":{"start":{"line":222,"column":26},"end":{"line":222,"column":null}},"120":{"start":{"line":224,"column":4},"end":{"line":224,"column":null}},"121":{"start":{"line":225,"column":4},"end":{"line":225,"column":null}},"122":{"start":{"line":226,"column":4},"end":{"line":226,"column":null}},"123":{"start":{"line":228,"column":2},"end":{"line":228,"column":null}},"124":{"start":{"line":230,"column":2},"end":{"line":235,"column":null}},"125":{"start":{"line":232,"column":6},"end":{"line":232,"column":null}},"126":{"start":{"line":233,"column":14},"end":{"line":233,"column":null}},"127":{"start":{"line":234,"column":4},"end":{"line":234,"column":null}},"128":{"start":{"line":241,"column":8},"end":{"line":241,"column":null}},"129":{"start":{"line":242,"column":23},"end":{"line":242,"column":null}},"130":{"start":{"line":243,"column":18},"end":{"line":243,"column":null}},"131":{"start":{"line":246,"column":30},"end":{"line":248,"column":null}},"132":{"start":{"line":251,"column":2},"end":{"line":253,"column":null}},"133":{"start":{"line":252,"column":4},"end":{"line":252,"column":null}},"134":{"start":{"line":255,"column":34},"end":{"line":255,"column":null}},"135":{"start":{"line":256,"column":42},"end":{"line":256,"column":null}},"136":{"start":{"line":257,"column":40},"end":{"line":257,"column":null}},"137":{"start":{"line":258,"column":19},"end":{"line":258,"column":null}},"138":{"start":{"line":259,"column":38},"end":{"line":259,"column":null}},"139":{"start":{"line":265,"column":8},"end":{"line":293,"column":null}},"140":{"start":{"line":266,"column":17},"end":{"line":266,"column":null}},"141":{"start":{"line":267,"column":16},"end":{"line":267,"column":null}},"142":{"start":{"line":268,"column":4},"end":{"line":291,"column":null}},"143":{"start":{"line":269,"column":12},"end":{"line":273,"column":null}},"144":{"start":{"line":270,"column":20},"end":{"line":270,"column":60}},"145":{"start":{"line":274,"column":12},"end":{"line":278,"column":null}},"146":{"start":{"line":279,"column":18},"end":{"line":286,"column":null}},"147":{"start":{"line":288,"column":6},"end":{"line":288,"column":null}},"148":{"start":{"line":288,"column":25},"end":{"line":288,"column":null}},"149":{"start":{"line":289,"column":6},"end":{"line":289,"column":null}},"150":{"start":{"line":290,"column":6},"end":{"line":290,"column":null}},"151":{"start":{"line":292,"column":4},"end":{"line":292,"column":null}},"152":{"start":{"line":295,"column":8},"end":{"line":295,"column":null}},"153":{"start":{"line":295,"column":34},"end":{"line":295,"column":65}},"154":{"start":{"line":297,"column":8},"end":{"line":305,"column":null}},"155":{"start":{"line":298,"column":17},"end":{"line":298,"column":null}},"156":{"start":{"line":299,"column":4},"end":{"line":303,"column":null}},"157":{"start":{"line":300,"column":6},"end":{"line":302,"column":null}},"158":{"start":{"line":301,"column":8},"end":{"line":301,"column":null}},"159":{"start":{"line":304,"column":4},"end":{"line":304,"column":null}},"160":{"start":{"line":304,"column":44},"end":{"line":304,"column":53}},"161":{"start":{"line":307,"column":8},"end":{"line":315,"column":null}},"162":{"start":{"line":308,"column":17},"end":{"line":308,"column":null}},"163":{"start":{"line":309,"column":4},"end":{"line":313,"column":null}},"164":{"start":{"line":310,"column":6},"end":{"line":312,"column":null}},"165":{"start":{"line":311,"column":8},"end":{"line":311,"column":null}},"166":{"start":{"line":314,"column":4},"end":{"line":314,"column":null}},"167":{"start":{"line":317,"column":8},"end":{"line":323,"column":null}},"168":{"start":{"line":318,"column":16},"end":{"line":318,"column":null}},"169":{"start":{"line":319,"column":4},"end":{"line":321,"column":null}},"170":{"start":{"line":320,"column":6},"end":{"line":320,"column":null}},"171":{"start":{"line":322,"column":4},"end":{"line":322,"column":null}},"172":{"start":{"line":325,"column":8},"end":{"line":331,"column":null}},"173":{"start":{"line":326,"column":16},"end":{"line":326,"column":null}},"174":{"start":{"line":327,"column":4},"end":{"line":329,"column":null}},"175":{"start":{"line":328,"column":6},"end":{"line":328,"column":null}},"176":{"start":{"line":330,"column":4},"end":{"line":330,"column":null}},"177":{"start":{"line":334,"column":8},"end":{"line":397,"column":null}},"178":{"start":{"line":335,"column":19},"end":{"line":335,"column":null}},"179":{"start":{"line":336,"column":25},"end":{"line":336,"column":null}},"180":{"start":{"line":337,"column":24},"end":{"line":337,"column":null}},"181":{"start":{"line":339,"column":4},"end":{"line":388,"column":null}},"182":{"start":{"line":341,"column":24},"end":{"line":341,"column":null}},"183":{"start":{"line":342,"column":23},"end":{"line":342,"column":null}},"184":{"start":{"line":344,"column":29},"end":{"line":344,"column":null}},"185":{"start":{"line":346,"column":14},"end":{"line":348,"column":null}},"186":{"start":{"line":347,"column":10},"end":{"line":347,"column":null}},"187":{"start":{"line":349,"column":14},"end":{"line":349,"column":null}},"188":{"start":{"line":350,"column":21},"end":{"line":352,"column":null}},"189":{"start":{"line":355,"column":26},"end":{"line":362,"column":null}},"190":{"start":{"line":364,"column":8},"end":{"line":375,"column":null}},"191":{"start":{"line":377,"column":21},"end":{"line":377,"column":56}},"192":{"start":{"line":379,"column":8},"end":{"line":382,"column":null}},"193":{"start":{"line":380,"column":10},"end":{"line":380,"column":null}},"194":{"start":{"line":380,"column":33},"end":{"line":380,"column":null}},"195":{"start":{"line":381,"column":10},"end":{"line":381,"column":null}},"196":{"start":{"line":381,"column":39},"end":{"line":381,"column":63}},"197":{"start":{"line":383,"column":8},"end":{"line":386,"column":null}},"198":{"start":{"line":384,"column":10},"end":{"line":384,"column":null}},"199":{"start":{"line":384,"column":32},"end":{"line":384,"column":null}},"200":{"start":{"line":385,"column":10},"end":{"line":385,"column":null}},"201":{"start":{"line":385,"column":38},"end":{"line":385,"column":61}},"202":{"start":{"line":387,"column":8},"end":{"line":387,"column":null}},"203":{"start":{"line":400,"column":8},"end":{"line":411,"column":null}},"204":{"start":{"line":401,"column":17},"end":{"line":401,"column":null}},"205":{"start":{"line":401,"column":49},"end":{"line":401,"column":51}},"206":{"start":{"line":402,"column":4},"end":{"line":406,"column":null}},"207":{"start":{"line":403,"column":6},"end":{"line":405,"column":null}},"208":{"start":{"line":404,"column":8},"end":{"line":404,"column":null}},"209":{"start":{"line":407,"column":4},"end":{"line":409,"column":null}},"210":{"start":{"line":408,"column":6},"end":{"line":408,"column":null}},"211":{"start":{"line":408,"column":20},"end":{"line":408,"column":65}},"212":{"start":{"line":410,"column":4},"end":{"line":410,"column":null}},"213":{"start":{"line":414,"column":8},"end":{"line":417,"column":null}},"214":{"start":{"line":415,"column":10},"end":{"line":415,"column":null}},"215":{"start":{"line":415,"column":35},"end":{"line":415,"column":54}},"216":{"start":{"line":419,"column":8},"end":{"line":427,"column":null}},"217":{"start":{"line":420,"column":18},"end":{"line":420,"column":null}},"218":{"start":{"line":421,"column":22},"end":{"line":421,"column":null}},"219":{"start":{"line":421,"column":51},"end":{"line":421,"column":74}},"220":{"start":{"line":422,"column":4},"end":{"line":422,"column":null}},"221":{"start":{"line":422,"column":16},"end":{"line":422,"column":null}},"222":{"start":{"line":423,"column":4},"end":{"line":425,"column":null}},"223":{"start":{"line":424,"column":6},"end":{"line":424,"column":null}},"224":{"start":{"line":426,"column":4},"end":{"line":426,"column":null}},"225":{"start":{"line":429,"column":8},"end":{"line":436,"column":null}},"226":{"start":{"line":431,"column":6},"end":{"line":434,"column":null}},"227":{"start":{"line":432,"column":20},"end":{"line":432,"column":null}},"228":{"start":{"line":433,"column":8},"end":{"line":433,"column":null}},"229":{"start":{"line":438,"column":19},"end":{"line":438,"column":null}},"230":{"start":{"line":440,"column":34},"end":{"line":443,"column":null}},"231":{"start":{"line":441,"column":19},"end":{"line":441,"column":null}},"232":{"start":{"line":441,"column":71},"end":{"line":441,"column":78}},"233":{"start":{"line":442,"column":4},"end":{"line":442,"column":null}},"234":{"start":{"line":445,"column":25},"end":{"line":447,"column":null}},"235":{"start":{"line":446,"column":4},"end":{"line":446,"column":null}},"236":{"start":{"line":446,"column":25},"end":{"line":446,"column":59}},"237":{"start":{"line":449,"column":25},"end":{"line":451,"column":null}},"238":{"start":{"line":450,"column":4},"end":{"line":450,"column":null}},"239":{"start":{"line":450,"column":25},"end":{"line":450,"column":58}},"240":{"start":{"line":453,"column":20},"end":{"line":459,"column":null}},"241":{"start":{"line":454,"column":4},"end":{"line":458,"column":null}},"242":{"start":{"line":455,"column":18},"end":{"line":455,"column":null}},"243":{"start":{"line":456,"column":6},"end":{"line":456,"column":null}},"244":{"start":{"line":456,"column":15},"end":{"line":456,"column":null}},"245":{"start":{"line":456,"column":41},"end":{"line":456,"column":55}},"246":{"start":{"line":457,"column":6},"end":{"line":457,"column":null}},"247":{"start":{"line":457,"column":48},"end":{"line":457,"column":53}},"248":{"start":{"line":461,"column":24},"end":{"line":463,"column":null}},"249":{"start":{"line":462,"column":4},"end":{"line":462,"column":null}},"250":{"start":{"line":466,"column":22},"end":{"line":466,"column":null}},"251":{"start":{"line":467,"column":28},"end":{"line":467,"column":null}},"252":{"start":{"line":470,"column":2},"end":{"line":701,"column":null}},"253":{"start":{"line":480,"column":29},"end":{"line":480,"column":null}},"254":{"start":{"line":487,"column":29},"end":{"line":487,"column":null}},"255":{"start":{"line":515,"column":32},"end":{"line":515,"column":null}},"256":{"start":{"line":516,"column":18},"end":{"line":516,"column":null}},"257":{"start":{"line":538,"column":33},"end":{"line":538,"column":null}},"258":{"start":{"line":541,"column":18},"end":{"line":543,"column":null}},"259":{"start":{"line":551,"column":33},"end":{"line":551,"column":null}},"260":{"start":{"line":554,"column":18},"end":{"line":556,"column":null}},"261":{"start":{"line":577,"column":31},"end":{"line":577,"column":null}},"262":{"start":{"line":578,"column":16},"end":{"line":586,"column":null}},"263":{"start":{"line":583,"column":35},"end":{"line":583,"column":null}},"264":{"start":{"line":609,"column":12},"end":{"line":609,"column":null}},"265":{"start":{"line":609,"column":47},"end":{"line":609,"column":null}},"266":{"start":{"line":611,"column":33},"end":{"line":611,"column":null}},"267":{"start":{"line":613,"column":12},"end":{"line":695,"column":null}},"268":{"start":{"line":631,"column":34},"end":{"line":635,"column":null}},"269":{"start":{"line":636,"column":32},"end":{"line":640,"column":null}},"270":{"start":{"line":642,"column":26},"end":{"line":642,"column":null}},"271":{"start":{"line":643,"column":38},"end":{"line":646,"column":null}},"272":{"start":{"line":649,"column":22},"end":{"line":649,"column":null}},"273":{"start":{"line":650,"column":38},"end":{"line":650,"column":null}},"274":{"start":{"line":651,"column":40},"end":{"line":651,"column":null}},"275":{"start":{"line":653,"column":33},"end":{"line":653,"column":null}},"276":{"start":{"line":654,"column":32},"end":{"line":654,"column":null}},"277":{"start":{"line":655,"column":37},"end":{"line":655,"column":null}},"278":{"start":{"line":656,"column":36},"end":{"line":656,"column":null}},"279":{"start":{"line":658,"column":20},"end":{"line":685,"column":null}}},"fnMap":{"0":{"name":"pad2","decl":{"start":{"line":25,"column":9},"end":{"line":25,"column":14}},"loc":{"start":{"line":25,"column":17},"end":{"line":27,"column":null}},"line":25},"1":{"name":"todayYMD","decl":{"start":{"line":29,"column":9},"end":{"line":29,"column":20}},"loc":{"start":{"line":29,"column":20},"end":{"line":32,"column":null}},"line":29},"2":{"name":"shiftYMD","decl":{"start":{"line":34,"column":9},"end":{"line":34,"column":18}},"loc":{"start":{"line":34,"column":34},"end":{"line":38,"column":null}},"line":34},"3":{"name":"startOfWeekMonday","decl":{"start":{"line":40,"column":9},"end":{"line":40,"column":27}},"loc":{"start":{"line":40,"column":32},"end":{"line":46,"column":null}},"line":40},"4":{"name":"ymdRangeLabel","decl":{"start":{"line":48,"column":9},"end":{"line":48,"column":23}},"loc":{"start":{"line":48,"column":34},"end":{"line":54,"column":null}},"line":48},"5":{"name":"ymdToDMY","decl":{"start":{"line":56,"column":9},"end":{"line":56,"column":18}},"loc":{"start":{"line":56,"column":23},"end":{"line":60,"column":null}},"line":56},"6":{"name":"minutesOf","decl":{"start":{"line":62,"column":9},"end":{"line":62,"column":19}},"loc":{"start":{"line":62,"column":24},"end":{"line":68,"column":null}},"line":62},"7":{"name":"clamp","decl":{"start":{"line":70,"column":9},"end":{"line":70,"column":15}},"loc":{"start":{"line":70,"column":28},"end":{"line":72,"column":null}},"line":70},"8":{"name":"promoShort","decl":{"start":{"line":74,"column":9},"end":{"line":74,"column":20}},"loc":{"start":{"line":74,"column":43},"end":{"line":79,"column":null}},"line":74},"9":{"name":"roomShort","decl":{"start":{"line":81,"column":9},"end":{"line":81,"column":19}},"loc":{"start":{"line":81,"column":27},"end":{"line":90,"column":null}},"line":81},"10":{"name":"(anonymous_10)","decl":{"start":{"line":85,"column":28},"end":{"line":85,"column":29}},"loc":{"start":{"line":85,"column":35},"end":{"line":85,"column":65}},"line":85},"11":{"name":"personName","decl":{"start":{"line":92,"column":9},"end":{"line":92,"column":20}},"loc":{"start":{"line":92,"column":23},"end":{"line":96,"column":null}},"line":92},"12":{"name":"diffDays","decl":{"start":{"line":98,"column":9},"end":{"line":98,"column":18}},"loc":{"start":{"line":98,"column":30},"end":{"line":102,"column":null}},"line":98},"13":{"name":"formatTimeRange","decl":{"start":{"line":104,"column":9},"end":{"line":104,"column":25}},"loc":{"start":{"line":104,"column":37},"end":{"line":108,"column":null}},"line":104},"14":{"name":"uniqueSorted","decl":{"start":{"line":110,"column":9},"end":{"line":110,"column":22}},"loc":{"start":{"line":110,"column":27},"end":{"line":119,"column":null}},"line":110},"15":{"name":"(anonymous_15)","decl":{"start":{"line":113,"column":10},"end":{"line":113,"column":11}},"loc":{"start":{"line":114,"column":6},"end":{"line":117,"column":null}},"line":114},"16":{"name":"normName","decl":{"start":{"line":121,"column":9},"end":{"line":121,"column":18}},"loc":{"start":{"line":121,"column":26},"end":{"line":127,"column":null}},"line":121},"17":{"name":"uniqueStudentCount","decl":{"start":{"line":129,"column":9},"end":{"line":129,"column":28}},"loc":{"start":{"line":129,"column":38},"end":{"line":137,"column":null}},"line":129},"18":{"name":"darkenColor","decl":{"start":{"line":141,"column":9},"end":{"line":141,"column":21}},"loc":{"start":{"line":141,"column":41},"end":{"line":164,"column":null}},"line":141},"19":{"name":"(anonymous_19)","decl":{"start":{"line":148,"column":11},"end":{"line":148,"column":12}},"loc":{"start":{"line":148,"column":19},"end":{"line":148,"column":26}},"line":148},"20":{"name":"layoutOverlaps","decl":{"start":{"line":168,"column":9},"end":{"line":168,"column":24}},"loc":{"start":{"line":168,"column":35},"end":{"line":236,"column":null}},"line":168},"21":{"name":"(anonymous_21)","decl":{"start":{"line":170,"column":33},"end":{"line":170,"column":34}},"loc":{"start":{"line":170,"column":41},"end":{"line":170,"column":69}},"line":170},"22":{"name":"(anonymous_22)","decl":{"start":{"line":174,"column":9},"end":{"line":174,"column":10}},"loc":{"start":{"line":174,"column":16},"end":{"line":195,"column":5}},"line":174},"23":{"name":"(anonymous_23)","decl":{"start":{"line":196,"column":10},"end":{"line":196,"column":11}},"loc":{"start":{"line":196,"column":20},"end":{"line":196,"column":54}},"line":196},"24":{"name":"(anonymous_24)","decl":{"start":{"line":203,"column":21},"end":{"line":203,"column":27}},"loc":{"start":{"line":203,"column":27},"end":{"line":211,"column":null}},"line":203},"25":{"name":"(anonymous_25)","decl":{"start":{"line":215,"column":27},"end":{"line":215,"column":28}},"loc":{"start":{"line":215,"column":34},"end":{"line":215,"column":52}},"line":215},"26":{"name":"(anonymous_26)","decl":{"start":{"line":220,"column":36},"end":{"line":220,"column":37}},"loc":{"start":{"line":220,"column":43},"end":{"line":220,"column":48}},"line":220},"27":{"name":"(anonymous_27)","decl":{"start":{"line":230,"column":23},"end":{"line":230,"column":24}},"loc":{"start":{"line":230,"column":30},"end":{"line":235,"column":3}},"line":230},"28":{"name":"Schedule","decl":{"start":{"line":240,"column":24},"end":{"line":240,"column":35}},"loc":{"start":{"line":240,"column":35},"end":{"line":702,"column":null}},"line":240},"29":{"name":"(anonymous_29)","decl":{"start":{"line":251,"column":12},"end":{"line":251,"column":18}},"loc":{"start":{"line":251,"column":18},"end":{"line":253,"column":5}},"line":251},"30":{"name":"(anonymous_30)","decl":{"start":{"line":265,"column":31},"end":{"line":265,"column":37}},"loc":{"start":{"line":265,"column":37},"end":{"line":293,"column":5}},"line":265},"31":{"name":"(anonymous_31)","decl":{"start":{"line":270,"column":13},"end":{"line":270,"column":14}},"loc":{"start":{"line":270,"column":20},"end":{"line":270,"column":60}},"line":270},"32":{"name":"(anonymous_32)","decl":{"start":{"line":295,"column":28},"end":{"line":295,"column":34}},"loc":{"start":{"line":295,"column":34},"end":{"line":295,"column":65}},"line":295},"33":{"name":"(anonymous_33)","decl":{"start":{"line":297,"column":28},"end":{"line":297,"column":34}},"loc":{"start":{"line":297,"column":34},"end":{"line":305,"column":5}},"line":297},"34":{"name":"(anonymous_34)","decl":{"start":{"line":304,"column":37},"end":{"line":304,"column":38}},"loc":{"start":{"line":304,"column":44},"end":{"line":304,"column":53}},"line":304},"35":{"name":"(anonymous_35)","decl":{"start":{"line":307,"column":27},"end":{"line":307,"column":33}},"loc":{"start":{"line":307,"column":33},"end":{"line":315,"column":5}},"line":307},"36":{"name":"(anonymous_36)","decl":{"start":{"line":317,"column":30},"end":{"line":317,"column":36}},"loc":{"start":{"line":317,"column":36},"end":{"line":323,"column":5}},"line":317},"37":{"name":"(anonymous_37)","decl":{"start":{"line":319,"column":22},"end":{"line":319,"column":23}},"loc":{"start":{"line":319,"column":32},"end":{"line":321,"column":5}},"line":319},"38":{"name":"(anonymous_38)","decl":{"start":{"line":325,"column":29},"end":{"line":325,"column":35}},"loc":{"start":{"line":325,"column":35},"end":{"line":331,"column":5}},"line":325},"39":{"name":"(anonymous_39)","decl":{"start":{"line":327,"column":21},"end":{"line":327,"column":22}},"loc":{"start":{"line":327,"column":31},"end":{"line":329,"column":5}},"line":327},"40":{"name":"(anonymous_40)","decl":{"start":{"line":334,"column":33},"end":{"line":334,"column":39}},"loc":{"start":{"line":334,"column":39},"end":{"line":389,"column":5}},"line":334},"41":{"name":"(anonymous_41)","decl":{"start":{"line":340,"column":11},"end":{"line":340,"column":12}},"loc":{"start":{"line":340,"column":18},"end":{"line":376,"column":7}},"line":340},"42":{"name":"(anonymous_42)","decl":{"start":{"line":346,"column":45},"end":{"line":346,"column":46}},"loc":{"start":{"line":347,"column":10},"end":{"line":347,"column":null}},"line":347},"43":{"name":"(anonymous_43)","decl":{"start":{"line":377,"column":14},"end":{"line":377,"column":15}},"loc":{"start":{"line":377,"column":21},"end":{"line":377,"column":56}},"line":377},"44":{"name":"(anonymous_44)","decl":{"start":{"line":378,"column":14},"end":{"line":378,"column":15}},"loc":{"start":{"line":378,"column":21},"end":{"line":388,"column":7}},"line":378},"45":{"name":"(anonymous_45)","decl":{"start":{"line":381,"column":32},"end":{"line":381,"column":33}},"loc":{"start":{"line":381,"column":39},"end":{"line":381,"column":63}},"line":381},"46":{"name":"(anonymous_46)","decl":{"start":{"line":385,"column":31},"end":{"line":385,"column":32}},"loc":{"start":{"line":385,"column":38},"end":{"line":385,"column":61}},"line":385},"47":{"name":"(anonymous_47)","decl":{"start":{"line":400,"column":30},"end":{"line":400,"column":36}},"loc":{"start":{"line":400,"column":36},"end":{"line":411,"column":5}},"line":400},"48":{"name":"(anonymous_48)","decl":{"start":{"line":401,"column":43},"end":{"line":401,"column":49}},"loc":{"start":{"line":401,"column":49},"end":{"line":401,"column":51}},"line":401},"49":{"name":"(anonymous_49)","decl":{"start":{"line":407,"column":17},"end":{"line":407,"column":18}},"loc":{"start":{"line":408,"column":6},"end":{"line":408,"column":null}},"line":408},"50":{"name":"(anonymous_50)","decl":{"start":{"line":408,"column":16},"end":{"line":408,"column":17}},"loc":{"start":{"line":408,"column":20},"end":{"line":408,"column":65}},"line":408},"51":{"name":"(anonymous_51)","decl":{"start":{"line":415,"column":4},"end":{"line":415,"column":10}},"loc":{"start":{"line":415,"column":10},"end":{"line":415,"column":null}},"line":415},"52":{"name":"(anonymous_52)","decl":{"start":{"line":415,"column":26},"end":{"line":415,"column":27}},"loc":{"start":{"line":415,"column":35},"end":{"line":415,"column":54}},"line":415},"53":{"name":"(anonymous_53)","decl":{"start":{"line":419,"column":30},"end":{"line":419,"column":36}},"loc":{"start":{"line":419,"column":36},"end":{"line":427,"column":5}},"line":419},"54":{"name":"(anonymous_54)","decl":{"start":{"line":421,"column":41},"end":{"line":421,"column":42}},"loc":{"start":{"line":421,"column":51},"end":{"line":421,"column":74}},"line":421},"55":{"name":"(anonymous_55)","decl":{"start":{"line":430,"column":4},"end":{"line":430,"column":null}},"loc":{"start":{"line":431,"column":6},"end":{"line":434,"column":null}},"line":431},"56":{"name":"(anonymous_56)","decl":{"start":{"line":431,"column":32},"end":{"line":431,"column":33}},"loc":{"start":{"line":431,"column":42},"end":{"line":434,"column":7}},"line":431},"57":{"name":"(anonymous_57)","decl":{"start":{"line":440,"column":34},"end":{"line":440,"column":35}},"loc":{"start":{"line":440,"column":53},"end":{"line":443,"column":null}},"line":440},"58":{"name":"(anonymous_58)","decl":{"start":{"line":441,"column":64},"end":{"line":441,"column":65}},"loc":{"start":{"line":441,"column":71},"end":{"line":441,"column":78}},"line":441},"59":{"name":"(anonymous_59)","decl":{"start":{"line":445,"column":25},"end":{"line":445,"column":31}},"loc":{"start":{"line":445,"column":31},"end":{"line":447,"column":null}},"line":445},"60":{"name":"(anonymous_60)","decl":{"start":{"line":446,"column":18},"end":{"line":446,"column":19}},"loc":{"start":{"line":446,"column":25},"end":{"line":446,"column":59}},"line":446},"61":{"name":"(anonymous_61)","decl":{"start":{"line":449,"column":25},"end":{"line":449,"column":31}},"loc":{"start":{"line":449,"column":31},"end":{"line":451,"column":null}},"line":449},"62":{"name":"(anonymous_62)","decl":{"start":{"line":450,"column":18},"end":{"line":450,"column":19}},"loc":{"start":{"line":450,"column":25},"end":{"line":450,"column":58}},"line":450},"63":{"name":"(anonymous_63)","decl":{"start":{"line":453,"column":20},"end":{"line":453,"column":21}},"loc":{"start":{"line":453,"column":34},"end":{"line":459,"column":null}},"line":453},"64":{"name":"(anonymous_64)","decl":{"start":{"line":454,"column":20},"end":{"line":454,"column":21}},"loc":{"start":{"line":454,"column":30},"end":{"line":458,"column":5}},"line":454},"65":{"name":"(anonymous_65)","decl":{"start":{"line":456,"column":34},"end":{"line":456,"column":35}},"loc":{"start":{"line":456,"column":41},"end":{"line":456,"column":55}},"line":456},"66":{"name":"(anonymous_66)","decl":{"start":{"line":457,"column":38},"end":{"line":457,"column":39}},"loc":{"start":{"line":457,"column":48},"end":{"line":457,"column":53}},"line":457},"67":{"name":"(anonymous_67)","decl":{"start":{"line":461,"column":24},"end":{"line":461,"column":30}},"loc":{"start":{"line":461,"column":30},"end":{"line":463,"column":null}},"line":461},"68":{"name":"(anonymous_68)","decl":{"start":{"line":480,"column":23},"end":{"line":480,"column":29}},"loc":{"start":{"line":480,"column":29},"end":{"line":480,"column":null}},"line":480},"69":{"name":"(anonymous_69)","decl":{"start":{"line":487,"column":23},"end":{"line":487,"column":29}},"loc":{"start":{"line":487,"column":29},"end":{"line":487,"column":null}},"line":487},"70":{"name":"(anonymous_70)","decl":{"start":{"line":514,"column":26},"end":{"line":514,"column":27}},"loc":{"start":{"line":514,"column":33},"end":{"line":517,"column":null}},"line":514},"71":{"name":"(anonymous_71)","decl":{"start":{"line":538,"column":26},"end":{"line":538,"column":27}},"loc":{"start":{"line":538,"column":33},"end":{"line":538,"column":null}},"line":538},"72":{"name":"(anonymous_72)","decl":{"start":{"line":540,"column":31},"end":{"line":540,"column":32}},"loc":{"start":{"line":541,"column":18},"end":{"line":543,"column":null}},"line":541},"73":{"name":"(anonymous_73)","decl":{"start":{"line":551,"column":26},"end":{"line":551,"column":27}},"loc":{"start":{"line":551,"column":33},"end":{"line":551,"column":null}},"line":551},"74":{"name":"(anonymous_74)","decl":{"start":{"line":553,"column":30},"end":{"line":553,"column":31}},"loc":{"start":{"line":554,"column":18},"end":{"line":556,"column":null}},"line":554},"75":{"name":"(anonymous_75)","decl":{"start":{"line":576,"column":28},"end":{"line":576,"column":29}},"loc":{"start":{"line":576,"column":40},"end":{"line":588,"column":15}},"line":576},"76":{"name":"(anonymous_76)","decl":{"start":{"line":583,"column":29},"end":{"line":583,"column":35}},"loc":{"start":{"line":583,"column":35},"end":{"line":583,"column":null}},"line":583},"77":{"name":"(anonymous_77)","decl":{"start":{"line":608,"column":24},"end":{"line":608,"column":25}},"loc":{"start":{"line":608,"column":40},"end":{"line":697,"column":11}},"line":608},"78":{"name":"(anonymous_78)","decl":{"start":{"line":630,"column":36},"end":{"line":630,"column":37}},"loc":{"start":{"line":630,"column":51},"end":{"line":687,"column":19}},"line":630}},"branchMap":{"0":{"loc":{"start":{"line":57,"column":2},"end":{"line":57,"column":null}},"type":"if","locations":[{"start":{"line":57,"column":2},"end":{"line":57,"column":null}},{"start":{},"end":{}}],"line":57},"1":{"loc":{"start":{"line":57,"column":6},"end":{"line":57,"column":60}},"type":"binary-expr","locations":[{"start":{"line":57,"column":6},"end":{"line":57,"column":14}},{"start":{"line":57,"column":14},"end":{"line":57,"column":41}},{"start":{"line":57,"column":41},"end":{"line":57,"column":60}}],"line":57},"2":{"loc":{"start":{"line":63,"column":2},"end":{"line":63,"column":null}},"type":"if","locations":[{"start":{"line":63,"column":2},"end":{"line":63,"column":null}},{"start":{},"end":{}}],"line":63},"3":{"loc":{"start":{"line":63,"column":6},"end":{"line":63,"column":58}},"type":"binary-expr","locations":[{"start":{"line":63,"column":6},"end":{"line":63,"column":14}},{"start":{"line":63,"column":14},"end":{"line":63,"column":41}},{"start":{"line":63,"column":41},"end":{"line":63,"column":58}}],"line":63},"4":{"loc":{"start":{"line":66,"column":2},"end":{"line":66,"column":null}},"type":"if","locations":[{"start":{"line":66,"column":2},"end":{"line":66,"column":null}},{"start":{},"end":{}}],"line":66},"5":{"loc":{"start":{"line":66,"column":6},"end":{"line":66,"column":44}},"type":"binary-expr","locations":[{"start":{"line":66,"column":6},"end":{"line":66,"column":26}},{"start":{"line":66,"column":26},"end":{"line":66,"column":44}}],"line":66},"6":{"loc":{"start":{"line":74,"column":20},"end":{"line":74,"column":31}},"type":"default-arg","locations":[{"start":{"line":74,"column":27},"end":{"line":74,"column":31}}],"line":74},"7":{"loc":{"start":{"line":74,"column":31},"end":{"line":74,"column":43}},"type":"default-arg","locations":[{"start":{"line":74,"column":39},"end":{"line":74,"column":43}}],"line":74},"8":{"loc":{"start":{"line":76,"column":2},"end":{"line":76,"column":null}},"type":"if","locations":[{"start":{"line":76,"column":2},"end":{"line":76,"column":null}},{"start":{},"end":{}}],"line":76},"9":{"loc":{"start":{"line":76,"column":6},"end":{"line":76,"column":40}},"type":"binary-expr","locations":[{"start":{"line":76,"column":6},"end":{"line":76,"column":18}},{"start":{"line":76,"column":18},"end":{"line":76,"column":40}}],"line":76},"10":{"loc":{"start":{"line":78,"column":9},"end":{"line":78,"column":null}},"type":"binary-expr","locations":[{"start":{"line":78,"column":9},"end":{"line":78,"column":19}},{"start":{"line":78,"column":19},"end":{"line":78,"column":null}}],"line":78},"11":{"loc":{"start":{"line":81,"column":19},"end":{"line":81,"column":27}},"type":"default-arg","locations":[{"start":{"line":81,"column":23},"end":{"line":81,"column":27}}],"line":81},"12":{"loc":{"start":{"line":83,"column":2},"end":{"line":83,"column":null}},"type":"if","locations":[{"start":{"line":83,"column":2},"end":{"line":83,"column":null}},{"start":{},"end":{}}],"line":83},"13":{"loc":{"start":{"line":86,"column":2},"end":{"line":86,"column":null}},"type":"if","locations":[{"start":{"line":86,"column":2},"end":{"line":86,"column":null}},{"start":{},"end":{}}],"line":86},"14":{"loc":{"start":{"line":88,"column":2},"end":{"line":88,"column":null}},"type":"if","locations":[{"start":{"line":88,"column":2},"end":{"line":88,"column":null}},{"start":{},"end":{}}],"line":88},"15":{"loc":{"start":{"line":89,"column":10},"end":{"line":89,"column":27}},"type":"binary-expr","locations":[{"start":{"line":89,"column":10},"end":{"line":89,"column":22}},{"start":{"line":89,"column":22},"end":{"line":89,"column":27}}],"line":89},"16":{"loc":{"start":{"line":93,"column":16},"end":{"line":93,"column":null}},"type":"cond-expr","locations":[{"start":{"line":93,"column":31},"end":{"line":93,"column":60}},{"start":{"line":93,"column":60},"end":{"line":93,"column":null}}],"line":93},"17":{"loc":{"start":{"line":94,"column":15},"end":{"line":94,"column":null}},"type":"cond-expr","locations":[{"start":{"line":94,"column":29},"end":{"line":94,"column":57}},{"start":{"line":94,"column":57},"end":{"line":94,"column":null}}],"line":94},"18":{"loc":{"start":{"line":95,"column":9},"end":{"line":95,"column":null}},"type":"binary-expr","locations":[{"start":{"line":95,"column":9},"end":{"line":95,"column":38}},{"start":{"line":95,"column":38},"end":{"line":95,"column":null}}],"line":95},"19":{"loc":{"start":{"line":105,"column":12},"end":{"line":105,"column":null}},"type":"binary-expr","locations":[{"start":{"line":105,"column":12},"end":{"line":105,"column":36}},{"start":{"line":105,"column":36},"end":{"line":105,"column":null}}],"line":105},"20":{"loc":{"start":{"line":106,"column":12},"end":{"line":106,"column":null}},"type":"binary-expr","locations":[{"start":{"line":106,"column":12},"end":{"line":106,"column":34}},{"start":{"line":106,"column":34},"end":{"line":106,"column":null}}],"line":106},"21":{"loc":{"start":{"line":121,"column":18},"end":{"line":121,"column":26}},"type":"default-arg","locations":[{"start":{"line":121,"column":22},"end":{"line":121,"column":26}}],"line":121},"22":{"loc":{"start":{"line":130,"column":2},"end":{"line":130,"column":null}},"type":"if","locations":[{"start":{"line":130,"column":2},"end":{"line":130,"column":null}},{"start":{},"end":{}}],"line":130},"23":{"loc":{"start":{"line":134,"column":4},"end":{"line":134,"column":null}},"type":"if","locations":[{"start":{"line":134,"column":4},"end":{"line":134,"column":null}},{"start":{},"end":{}}],"line":134},"24":{"loc":{"start":{"line":141,"column":26},"end":{"line":141,"column":41}},"type":"default-arg","locations":[{"start":{"line":141,"column":35},"end":{"line":141,"column":41}}],"line":141},"25":{"loc":{"start":{"line":142,"column":2},"end":{"line":142,"column":null}},"type":"if","locations":[{"start":{"line":142,"column":2},"end":{"line":142,"column":null}},{"start":{},"end":{}}],"line":142},"26":{"loc":{"start":{"line":142,"column":6},"end":{"line":142,"column":39}},"type":"binary-expr","locations":[{"start":{"line":142,"column":6},"end":{"line":142,"column":14}},{"start":{"line":142,"column":14},"end":{"line":142,"column":39}}],"line":142},"27":{"loc":{"start":{"line":144,"column":2},"end":{"line":144,"column":null}},"type":"if","locations":[{"start":{"line":144,"column":2},"end":{"line":144,"column":null}},{"start":{},"end":{}}],"line":144},"28":{"loc":{"start":{"line":145,"column":2},"end":{"line":150,"column":null}},"type":"if","locations":[{"start":{"line":145,"column":2},"end":{"line":150,"column":null}},{"start":{},"end":{}}],"line":145},"29":{"loc":{"start":{"line":152,"column":2},"end":{"line":152,"column":null}},"type":"if","locations":[{"start":{"line":152,"column":2},"end":{"line":152,"column":null}},{"start":{},"end":{}}],"line":152},"30":{"loc":{"start":{"line":169,"column":2},"end":{"line":171,"column":null}},"type":"if","locations":[{"start":{"line":169,"column":2},"end":{"line":171,"column":null}},{"start":{},"end":{}}],"line":169},"31":{"loc":{"start":{"line":169,"column":6},"end":{"line":169,"column":58}},"type":"binary-expr","locations":[{"start":{"line":169,"column":6},"end":{"line":169,"column":35}},{"start":{"line":169,"column":35},"end":{"line":169,"column":58}}],"line":169},"32":{"loc":{"start":{"line":170,"column":12},"end":{"line":170,"column":29}},"type":"binary-expr","locations":[{"start":{"line":170,"column":12},"end":{"line":170,"column":25}},{"start":{"line":170,"column":25},"end":{"line":170,"column":29}}],"line":170},"33":{"loc":{"start":{"line":176,"column":8},"end":{"line":176,"column":null}},"type":"binary-expr","locations":[{"start":{"line":176,"column":8},"end":{"line":176,"column":23}},{"start":{"line":176,"column":23},"end":{"line":176,"column":null}}],"line":176},"34":{"loc":{"start":{"line":181,"column":8},"end":{"line":181,"column":null}},"type":"binary-expr","locations":[{"start":{"line":181,"column":8},"end":{"line":181,"column":21}},{"start":{"line":181,"column":21},"end":{"line":181,"column":null}}],"line":181},"35":{"loc":{"start":{"line":192,"column":10},"end":{"line":193,"column":null}},"type":"binary-expr","locations":[{"start":{"line":192,"column":10},"end":{"line":192,"column":null}},{"start":{"line":193,"column":10},"end":{"line":193,"column":null}}],"line":192},"36":{"loc":{"start":{"line":193,"column":13},"end":{"line":193,"column":28}},"type":"binary-expr","locations":[{"start":{"line":193,"column":13},"end":{"line":193,"column":22}},{"start":{"line":193,"column":22},"end":{"line":193,"column":28}}],"line":193},"37":{"loc":{"start":{"line":193,"column":32},"end":{"line":193,"column":46}},"type":"binary-expr","locations":[{"start":{"line":193,"column":32},"end":{"line":193,"column":44}},{"start":{"line":193,"column":44},"end":{"line":193,"column":46}}],"line":193},"38":{"loc":{"start":{"line":193,"column":50},"end":{"line":193,"column":62}},"type":"binary-expr","locations":[{"start":{"line":193,"column":50},"end":{"line":193,"column":60}},{"start":{"line":193,"column":60},"end":{"line":193,"column":62}}],"line":193},"39":{"loc":{"start":{"line":196,"column":20},"end":{"line":196,"column":54}},"type":"binary-expr","locations":[{"start":{"line":196,"column":20},"end":{"line":196,"column":41}},{"start":{"line":196,"column":41},"end":{"line":196,"column":54}}],"line":196},"40":{"loc":{"start":{"line":204,"column":4},"end":{"line":204,"column":null}},"type":"if","locations":[{"start":{"line":204,"column":4},"end":{"line":204,"column":null}},{"start":{},"end":{}}],"line":204},"41":{"loc":{"start":{"line":218,"column":4},"end":{"line":218,"column":null}},"type":"if","locations":[{"start":{"line":218,"column":4},"end":{"line":218,"column":null}},{"start":{},"end":{}}],"line":218},"42":{"loc":{"start":{"line":232,"column":6},"end":{"line":232,"column":null}},"type":"binary-expr","locations":[{"start":{"line":232,"column":6},"end":{"line":232,"column":23}},{"start":{"line":232,"column":23},"end":{"line":232,"column":null}}],"line":232},"43":{"loc":{"start":{"line":232,"column":26},"end":{"line":232,"column":41}},"type":"binary-expr","locations":[{"start":{"line":232,"column":26},"end":{"line":232,"column":35}},{"start":{"line":232,"column":35},"end":{"line":232,"column":41}}],"line":232},"44":{"loc":{"start":{"line":232,"column":45},"end":{"line":232,"column":59}},"type":"binary-expr","locations":[{"start":{"line":232,"column":45},"end":{"line":232,"column":57}},{"start":{"line":232,"column":57},"end":{"line":232,"column":59}}],"line":232},"45":{"loc":{"start":{"line":232,"column":63},"end":{"line":232,"column":75}},"type":"binary-expr","locations":[{"start":{"line":232,"column":63},"end":{"line":232,"column":73}},{"start":{"line":232,"column":73},"end":{"line":232,"column":75}}],"line":232},"46":{"loc":{"start":{"line":233,"column":14},"end":{"line":233,"column":null}},"type":"binary-expr","locations":[{"start":{"line":233,"column":14},"end":{"line":233,"column":38}},{"start":{"line":233,"column":38},"end":{"line":233,"column":null}}],"line":233},"47":{"loc":{"start":{"line":247,"column":4},"end":{"line":247,"column":null}},"type":"cond-expr","locations":[{"start":{"line":247,"column":25},"end":{"line":247,"column":34}},{"start":{"line":247,"column":34},"end":{"line":247,"column":null}}],"line":247},"48":{"loc":{"start":{"line":252,"column":16},"end":{"line":252,"column":53}},"type":"cond-expr","locations":[{"start":{"line":252,"column":37},"end":{"line":252,"column":46}},{"start":{"line":252,"column":46},"end":{"line":252,"column":53}}],"line":252},"49":{"loc":{"start":{"line":268,"column":20},"end":{"line":268,"column":34}},"type":"binary-expr","locations":[{"start":{"line":268,"column":20},"end":{"line":268,"column":30}},{"start":{"line":268,"column":30},"end":{"line":268,"column":34}}],"line":268},"50":{"loc":{"start":{"line":269,"column":26},"end":{"line":269,"column":null}},"type":"binary-expr","locations":[{"start":{"line":269,"column":26},"end":{"line":269,"column":39}},{"start":{"line":269,"column":39},"end":{"line":269,"column":null}}],"line":269},"51":{"loc":{"start":{"line":270,"column":27},"end":{"line":270,"column":52}},"type":"binary-expr","locations":[{"start":{"line":270,"column":27},"end":{"line":270,"column":38}},{"start":{"line":270,"column":38},"end":{"line":270,"column":50}},{"start":{"line":270,"column":50},"end":{"line":270,"column":52}}],"line":270},"52":{"loc":{"start":{"line":274,"column":29},"end":{"line":274,"column":null}},"type":"binary-expr","locations":[{"start":{"line":274,"column":29},"end":{"line":274,"column":45}},{"start":{"line":274,"column":45},"end":{"line":274,"column":null}}],"line":274},"53":{"loc":{"start":{"line":280,"column":15},"end":{"line":280,"column":26}},"type":"binary-expr","locations":[{"start":{"line":280,"column":15},"end":{"line":280,"column":24}},{"start":{"line":280,"column":24},"end":{"line":280,"column":26}}],"line":280},"54":{"loc":{"start":{"line":281,"column":15},"end":{"line":281,"column":29}},"type":"binary-expr","locations":[{"start":{"line":281,"column":15},"end":{"line":281,"column":27}},{"start":{"line":281,"column":27},"end":{"line":281,"column":29}}],"line":281},"55":{"loc":{"start":{"line":282,"column":15},"end":{"line":282,"column":27}},"type":"binary-expr","locations":[{"start":{"line":282,"column":15},"end":{"line":282,"column":25}},{"start":{"line":282,"column":25},"end":{"line":282,"column":27}}],"line":282},"56":{"loc":{"start":{"line":283,"column":15},"end":{"line":283,"column":29}},"type":"binary-expr","locations":[{"start":{"line":283,"column":15},"end":{"line":283,"column":27}},{"start":{"line":283,"column":27},"end":{"line":283,"column":29}}],"line":283},"57":{"loc":{"start":{"line":288,"column":6},"end":{"line":288,"column":null}},"type":"if","locations":[{"start":{"line":288,"column":6},"end":{"line":288,"column":null}},{"start":{},"end":{}}],"line":288},"58":{"loc":{"start":{"line":300,"column":22},"end":{"line":300,"column":39}},"type":"binary-expr","locations":[{"start":{"line":300,"column":22},"end":{"line":300,"column":35}},{"start":{"line":300,"column":35},"end":{"line":300,"column":39}}],"line":300},"59":{"loc":{"start":{"line":310,"column":22},"end":{"line":310,"column":42}},"type":"binary-expr","locations":[{"start":{"line":310,"column":22},"end":{"line":310,"column":38}},{"start":{"line":310,"column":38},"end":{"line":310,"column":42}}],"line":310},"60":{"loc":{"start":{"line":336,"column":25},"end":{"line":336,"column":null}},"type":"cond-expr","locations":[{"start":{"line":336,"column":49},"end":{"line":336,"column":66}},{"start":{"line":336,"column":66},"end":{"line":336,"column":null}}],"line":336},"61":{"loc":{"start":{"line":337,"column":24},"end":{"line":337,"column":null}},"type":"cond-expr","locations":[{"start":{"line":337,"column":47},"end":{"line":337,"column":63}},{"start":{"line":337,"column":63},"end":{"line":337,"column":null}}],"line":337},"62":{"loc":{"start":{"line":341,"column":31},"end":{"line":341,"column":44}},"type":"binary-expr","locations":[{"start":{"line":341,"column":31},"end":{"line":341,"column":42}},{"start":{"line":341,"column":42},"end":{"line":341,"column":44}}],"line":341},"63":{"loc":{"start":{"line":344,"column":48},"end":{"line":344,"column":65}},"type":"binary-expr","locations":[{"start":{"line":344,"column":48},"end":{"line":344,"column":63}},{"start":{"line":344,"column":63},"end":{"line":344,"column":65}}],"line":344},"64":{"loc":{"start":{"line":346,"column":24},"end":{"line":346,"column":41}},"type":"binary-expr","locations":[{"start":{"line":346,"column":24},"end":{"line":346,"column":37}},{"start":{"line":346,"column":37},"end":{"line":346,"column":41}}],"line":346},"65":{"loc":{"start":{"line":349,"column":23},"end":{"line":349,"column":43}},"type":"binary-expr","locations":[{"start":{"line":349,"column":23},"end":{"line":349,"column":39}},{"start":{"line":349,"column":39},"end":{"line":349,"column":43}}],"line":349},"66":{"loc":{"start":{"line":351,"column":10},"end":{"line":351,"column":null}},"type":"binary-expr","locations":[{"start":{"line":351,"column":10},"end":{"line":351,"column":38}},{"start":{"line":351,"column":38},"end":{"line":351,"column":65}},{"start":{"line":351,"column":65},"end":{"line":351,"column":null}}],"line":351},"67":{"loc":{"start":{"line":356,"column":17},"end":{"line":356,"column":32}},"type":"binary-expr","locations":[{"start":{"line":356,"column":17},"end":{"line":356,"column":26}},{"start":{"line":356,"column":26},"end":{"line":356,"column":32}}],"line":356},"68":{"loc":{"start":{"line":357,"column":17},"end":{"line":357,"column":31}},"type":"binary-expr","locations":[{"start":{"line":357,"column":17},"end":{"line":357,"column":29}},{"start":{"line":357,"column":29},"end":{"line":357,"column":31}}],"line":357},"69":{"loc":{"start":{"line":358,"column":17},"end":{"line":358,"column":29}},"type":"binary-expr","locations":[{"start":{"line":358,"column":17},"end":{"line":358,"column":27}},{"start":{"line":358,"column":27},"end":{"line":358,"column":29}}],"line":358},"70":{"loc":{"start":{"line":377,"column":21},"end":{"line":377,"column":56}},"type":"binary-expr","locations":[{"start":{"line":377,"column":21},"end":{"line":377,"column":41}},{"start":{"line":377,"column":41},"end":{"line":377,"column":56}}],"line":377},"71":{"loc":{"start":{"line":379,"column":8},"end":{"line":382,"column":null}},"type":"if","locations":[{"start":{"line":379,"column":8},"end":{"line":382,"column":null}},{"start":{},"end":{}}],"line":379},"72":{"loc":{"start":{"line":380,"column":10},"end":{"line":380,"column":null}},"type":"if","locations":[{"start":{"line":380,"column":10},"end":{"line":380,"column":null}},{"start":{},"end":{}}],"line":380},"73":{"loc":{"start":{"line":383,"column":8},"end":{"line":386,"column":null}},"type":"if","locations":[{"start":{"line":383,"column":8},"end":{"line":386,"column":null}},{"start":{},"end":{}}],"line":383},"74":{"loc":{"start":{"line":384,"column":10},"end":{"line":384,"column":null}},"type":"if","locations":[{"start":{"line":384,"column":10},"end":{"line":384,"column":null}},{"start":{},"end":{}}],"line":384},"75":{"loc":{"start":{"line":403,"column":6},"end":{"line":405,"column":null}},"type":"if","locations":[{"start":{"line":403,"column":6},"end":{"line":405,"column":null}},{"start":{},"end":{}}],"line":403},"76":{"loc":{"start":{"line":403,"column":10},"end":{"line":403,"column":47}},"type":"binary-expr","locations":[{"start":{"line":403,"column":10},"end":{"line":403,"column":30}},{"start":{"line":403,"column":30},"end":{"line":403,"column":47}}],"line":403},"77":{"loc":{"start":{"line":408,"column":27},"end":{"line":408,"column":48}},"type":"binary-expr","locations":[{"start":{"line":408,"column":27},"end":{"line":408,"column":42}},{"start":{"line":408,"column":42},"end":{"line":408,"column":48}}],"line":408},"78":{"loc":{"start":{"line":408,"column":48},"end":{"line":408,"column":65}},"type":"binary-expr","locations":[{"start":{"line":408,"column":48},"end":{"line":408,"column":63}},{"start":{"line":408,"column":63},"end":{"line":408,"column":65}}],"line":408},"79":{"loc":{"start":{"line":422,"column":4},"end":{"line":422,"column":null}},"type":"if","locations":[{"start":{"line":422,"column":4},"end":{"line":422,"column":null}},{"start":{},"end":{}}],"line":422},"80":{"loc":{"start":{"line":423,"column":4},"end":{"line":425,"column":null}},"type":"if","locations":[{"start":{"line":423,"column":4},"end":{"line":425,"column":null}},{"start":{},"end":{}}],"line":423},"81":{"loc":{"start":{"line":423,"column":8},"end":{"line":423,"column":38}},"type":"binary-expr","locations":[{"start":{"line":423,"column":8},"end":{"line":423,"column":26}},{"start":{"line":423,"column":26},"end":{"line":423,"column":38}}],"line":423},"82":{"loc":{"start":{"line":438,"column":19},"end":{"line":438,"column":null}},"type":"cond-expr","locations":[{"start":{"line":438,"column":42},"end":{"line":438,"column":56}},{"start":{"line":438,"column":56},"end":{"line":438,"column":null}}],"line":438},"83":{"loc":{"start":{"line":456,"column":6},"end":{"line":456,"column":null}},"type":"if","locations":[{"start":{"line":456,"column":6},"end":{"line":456,"column":null}},{"start":{},"end":{}}],"line":456},"84":{"loc":{"start":{"line":479,"column":25},"end":{"line":479,"column":null}},"type":"cond-expr","locations":[{"start":{"line":479,"column":48},"end":{"line":479,"column":69}},{"start":{"line":479,"column":69},"end":{"line":479,"column":null}}],"line":479},"85":{"loc":{"start":{"line":486,"column":25},"end":{"line":486,"column":null}},"type":"cond-expr","locations":[{"start":{"line":486,"column":47},"end":{"line":486,"column":68}},{"start":{"line":486,"column":68},"end":{"line":486,"column":null}}],"line":486},"86":{"loc":{"start":{"line":515,"column":32},"end":{"line":515,"column":null}},"type":"binary-expr","locations":[{"start":{"line":515,"column":32},"end":{"line":515,"column":50}},{"start":{"line":515,"column":50},"end":{"line":515,"column":null}}],"line":515},"87":{"loc":{"start":{"line":529,"column":15},"end":{"line":531,"column":null}},"type":"cond-expr","locations":[{"start":{"line":530,"column":18},"end":{"line":530,"column":null}},{"start":{"line":531,"column":18},"end":{"line":531,"column":null}}],"line":529},"88":{"loc":{"start":{"line":533,"column":13},"end":{"line":558,"column":null}},"type":"cond-expr","locations":[{"start":{"line":534,"column":14},"end":{"line":545,"column":null}},{"start":{"line":547,"column":14},"end":{"line":558,"column":null}}],"line":533},"89":{"loc":{"start":{"line":570,"column":27},"end":{"line":570,"column":null}},"type":"cond-expr","locations":[{"start":{"line":570,"column":47},"end":{"line":570,"column":68}},{"start":{"line":570,"column":68},"end":{"line":570,"column":null}}],"line":570},"90":{"loc":{"start":{"line":582,"column":31},"end":{"line":582,"column":null}},"type":"cond-expr","locations":[{"start":{"line":582,"column":40},"end":{"line":582,"column":61}},{"start":{"line":582,"column":61},"end":{"line":582,"column":null}}],"line":582},"91":{"loc":{"start":{"line":594,"column":9},"end":{"line":594,"column":null}},"type":"binary-expr","locations":[{"start":{"line":594,"column":9},"end":{"line":594,"column":24}},{"start":{"line":594,"column":24},"end":{"line":594,"column":null}}],"line":594},"92":{"loc":{"start":{"line":599,"column":7},"end":{"line":698,"column":null}},"type":"cond-expr","locations":[{"start":{"line":600,"column":8},"end":{"line":602,"column":null}},{"start":{"line":604,"column":8},"end":{"line":698,"column":null}}],"line":599},"93":{"loc":{"start":{"line":605,"column":38},"end":{"line":605,"column":80}},"type":"cond-expr","locations":[{"start":{"line":605,"column":52},"end":{"line":605,"column":78}},{"start":{"line":605,"column":78},"end":{"line":605,"column":80}}],"line":605},"94":{"loc":{"start":{"line":609,"column":12},"end":{"line":609,"column":null}},"type":"if","locations":[{"start":{"line":609,"column":12},"end":{"line":609,"column":null}},{"start":{},"end":{}}],"line":609},"95":{"loc":{"start":{"line":611,"column":33},"end":{"line":611,"column":null}},"type":"binary-expr","locations":[{"start":{"line":611,"column":33},"end":{"line":611,"column":55}},{"start":{"line":611,"column":55},"end":{"line":611,"column":null}}],"line":611},"96":{"loc":{"start":{"line":632,"column":22},"end":{"line":632,"column":null}},"type":"binary-expr","locations":[{"start":{"line":632,"column":22},"end":{"line":632,"column":38}},{"start":{"line":632,"column":38},"end":{"line":632,"column":null}}],"line":632},"97":{"loc":{"start":{"line":637,"column":22},"end":{"line":637,"column":null}},"type":"binary-expr","locations":[{"start":{"line":637,"column":22},"end":{"line":637,"column":36}},{"start":{"line":637,"column":36},"end":{"line":637,"column":null}}],"line":637},"98":{"loc":{"start":{"line":649,"column":22},"end":{"line":649,"column":null}},"type":"cond-expr","locations":[{"start":{"line":649,"column":45},"end":{"line":649,"column":68}},{"start":{"line":649,"column":68},"end":{"line":649,"column":null}}],"line":649},"99":{"loc":{"start":{"line":649,"column":45},"end":{"line":649,"column":68}},"type":"binary-expr","locations":[{"start":{"line":649,"column":45},"end":{"line":649,"column":62}},{"start":{"line":649,"column":62},"end":{"line":649,"column":68}}],"line":649},"100":{"loc":{"start":{"line":649,"column":68},"end":{"line":649,"column":null}},"type":"binary-expr","locations":[{"start":{"line":649,"column":68},"end":{"line":649,"column":84}},{"start":{"line":649,"column":84},"end":{"line":649,"column":null}}],"line":649},"101":{"loc":{"start":{"line":650,"column":38},"end":{"line":650,"column":null}},"type":"binary-expr","locations":[{"start":{"line":650,"column":38},"end":{"line":650,"column":64}},{"start":{"line":650,"column":64},"end":{"line":650,"column":null}}],"line":650},"102":{"loc":{"start":{"line":653,"column":45},"end":{"line":653,"column":58}},"type":"binary-expr","locations":[{"start":{"line":653,"column":45},"end":{"line":653,"column":57}},{"start":{"line":653,"column":57},"end":{"line":653,"column":58}}],"line":653},"103":{"loc":{"start":{"line":654,"column":38},"end":{"line":654,"column":52}},"type":"binary-expr","locations":[{"start":{"line":654,"column":38},"end":{"line":654,"column":49}},{"start":{"line":654,"column":49},"end":{"line":654,"column":52}}],"line":654},"104":{"loc":{"start":{"line":677,"column":27},"end":{"line":679,"column":null}},"type":"cond-expr","locations":[{"start":{"line":678,"column":30},"end":{"line":678,"column":null}},{"start":{"line":679,"column":30},"end":{"line":679,"column":null}}],"line":677},"105":{"loc":{"start":{"line":678,"column":30},"end":{"line":678,"column":null}},"type":"binary-expr","locations":[{"start":{"line":678,"column":30},"end":{"line":678,"column":55}},{"start":{"line":678,"column":55},"end":{"line":678,"column":null}}],"line":678},"106":{"loc":{"start":{"line":679,"column":30},"end":{"line":679,"column":null}},"type":"binary-expr","locations":[{"start":{"line":679,"column":30},"end":{"line":679,"column":54}},{"start":{"line":679,"column":54},"end":{"line":679,"column":null}}],"line":679},"107":{"loc":{"start":{"line":681,"column":53},"end":{"line":681,"column":75}},"type":"binary-expr","locations":[{"start":{"line":681,"column":53},"end":{"line":681,"column":65}},{"start":{"line":681,"column":65},"end":{"line":681,"column":75}}],"line":681},"108":{"loc":{"start":{"line":683,"column":46},"end":{"line":683,"column":null}},"type":"cond-expr","locations":[{"start":{"line":683,"column":71},"end":{"line":683,"column":81}},{"start":{"line":683,"column":81},"end":{"line":683,"column":null}}],"line":683},"109":{"loc":{"start":{"line":661,"column":26},"end":{"line":662,"column":null}},"type":"binary-expr","locations":[{"start":{"line":661,"column":26},"end":{"line":661,"column":null}},{"start":{"line":662,"column":26},"end":{"line":662,"column":null}}],"line":661},"110":{"loc":{"start":{"line":662,"column":29},"end":{"line":662,"column":44}},"type":"binary-expr","locations":[{"start":{"line":662,"column":29},"end":{"line":662,"column":38}},{"start":{"line":662,"column":38},"end":{"line":662,"column":44}}],"line":662},"111":{"loc":{"start":{"line":662,"column":48},"end":{"line":662,"column":62}},"type":"binary-expr","locations":[{"start":{"line":662,"column":48},"end":{"line":662,"column":60}},{"start":{"line":662,"column":60},"end":{"line":662,"column":62}}],"line":662},"112":{"loc":{"start":{"line":662,"column":66},"end":{"line":662,"column":78}},"type":"binary-expr","locations":[{"start":{"line":662,"column":66},"end":{"line":662,"column":76}},{"start":{"line":662,"column":76},"end":{"line":662,"column":78}}],"line":662},"113":{"loc":{"start":{"line":689,"column":19},"end":{"line":692,"column":null}},"type":"binary-expr","locations":[{"start":{"line":689,"column":19},"end":{"line":689,"column":null}},{"start":{"line":690,"column":20},"end":{"line":692,"column":null}}],"line":689}},"s":{"0":1,"1":1,"2":1,"3":1,"4":1,"5":18,"6":1,"7":1,"8":6,"9":6,"10":6,"11":2,"12":2,"13":2,"14":2,"15":2,"16":1,"17":1,"18":1,"19":1,"20":1,"21":1,"22":0,"23":1,"24":1,"25":98,"26":0,"27":98,"28":98,"29":98,"30":0,"31":98,"32":0,"33":116,"34":116,"35":116,"36":0,"37":0,"38":49,"39":49,"40":0,"41":49,"42":49,"43":49,"44":49,"45":49,"46":0,"47":0,"48":0,"49":0,"50":186,"51":186,"52":186,"53":49,"54":49,"55":49,"56":0,"57":0,"58":0,"59":2,"60":83,"61":1936,"62":49,"63":0,"64":49,"65":49,"66":968,"67":968,"68":968,"69":49,"70":0,"71":0,"72":0,"73":0,"74":0,"75":0,"76":0,"77":0,"78":0,"79":0,"80":0,"81":0,"82":0,"83":0,"84":0,"85":0,"86":0,"87":0,"88":0,"89":5,"90":5,"91":0,"92":0,"93":0,"94":0,"95":0,"96":0,"97":0,"98":0,"99":0,"100":0,"101":0,"102":0,"103":0,"104":0,"105":0,"106":0,"107":0,"108":0,"109":0,"110":0,"111":0,"112":0,"113":0,"114":0,"115":0,"116":0,"117":0,"118":0,"119":0,"120":0,"121":0,"122":0,"123":0,"124":0,"125":0,"126":0,"127":0,"128":1,"129":1,"130":1,"131":1,"132":1,"133":1,"134":1,"135":1,"136":1,"137":1,"138":1,"139":1,"140":1,"141":1,"142":1,"143":57,"144":74,"145":57,"146":57,"147":57,"148":8,"149":49,"150":49,"151":1,"152":1,"153":1,"154":1,"155":1,"156":1,"157":49,"158":58,"159":1,"160":8,"161":1,"162":1,"163":1,"164":49,"165":58,"166":1,"167":1,"168":1,"169":1,"170":8,"171":1,"172":1,"173":1,"174":1,"175":21,"176":1,"177":1,"178":1,"179":1,"180":1,"181":1,"182":49,"183":49,"184":49,"185":49,"186":58,"187":49,"188":49,"189":49,"190":49,"191":49,"192":0,"193":0,"194":0,"195":0,"196":0,"197":0,"198":0,"199":0,"200":0,"201":0,"202":0,"203":1,"204":1,"205":5,"206":1,"207":0,"208":0,"209":1,"210":5,"211":0,"212":1,"213":1,"214":1,"215":5,"216":1,"217":1,"218":1,"219":5,"220":1,"221":1,"222":0,"223":0,"224":0,"225":1,"226":1,"227":5,"228":5,"229":1,"230":1,"231":0,"232":0,"233":0,"234":1,"235":0,"236":0,"237":1,"238":0,"239":0,"240":1,"241":0,"242":0,"243":0,"244":0,"245":0,"246":0,"247":0,"248":1,"249":0,"250":1,"251":1,"252":1,"253":0,"254":0,"255":0,"256":0,"257":0,"258":0,"259":0,"260":21,"261":5,"262":5,"263":0,"264":5,"265":0,"266":5,"267":5,"268":0,"269":0,"270":0,"271":0,"272":0,"273":0,"274":0,"275":0,"276":0,"277":0,"278":0,"279":0},"f":{"0":18,"1":1,"2":6,"3":2,"4":1,"5":1,"6":98,"7":0,"8":116,"9":49,"10":49,"11":186,"12":49,"13":0,"14":2,"15":83,"16":1936,"17":49,"18":0,"19":0,"20":5,"21":0,"22":0,"23":0,"24":0,"25":0,"26":0,"27":0,"28":1,"29":1,"30":1,"31":74,"32":1,"33":1,"34":8,"35":1,"36":1,"37":8,"38":1,"39":21,"40":1,"41":49,"42":58,"43":49,"44":0,"45":0,"46":0,"47":1,"48":5,"49":5,"50":0,"51":1,"52":5,"53":1,"54":5,"55":1,"56":5,"57":0,"58":0,"59":0,"60":0,"61":0,"62":0,"63":0,"64":0,"65":0,"66":0,"67":0,"68":0,"69":0,"70":0,"71":0,"72":0,"73":0,"74":21,"75":5,"76":0,"77":5,"78":0},"b":{"0":[0,1],"1":[1,1,1],"2":[0,98],"3":[98,98,98],"4":[0,98],"5":[98,98],"6":[116],"7":[116],"8":[116,0],"9":[116,116],"10":[0,0],"11":[49],"12":[0,49],"13":[49,0],"14":[0,0],"15":[0,0],"16":[186,0],"17":[186,0],"18":[186,0],"19":[0,0],"20":[0,0],"21":[1936],"22":[0,49],"23":[968,0],"24":[0],"25":[0,0],"26":[0,0],"27":[0,0],"28":[0,0],"29":[0,0],"30":[5,0],"31":[5,5],"32":[5,0],"33":[0,0],"34":[0,0],"35":[0,0],"36":[0,0],"37":[0,0],"38":[0,0],"39":[0,0],"40":[0,0],"41":[0,0],"42":[0,0],"43":[0,0],"44":[0,0],"45":[0,0],"46":[0,0],"47":[1,0],"48":[1,0],"49":[1,0],"50":[57,0],"51":[74,0,0],"52":[57,0],"53":[57,0],"54":[57,0],"55":[57,0],"56":[57,0],"57":[8,49],"58":[49,0],"59":[49,0],"60":[0,1],"61":[0,1],"62":[49,0],"63":[49,0],"64":[49,0],"65":[49,0],"66":[49,0,0],"67":[49,0],"68":[49,0],"69":[49,0],"70":[49,0],"71":[0,0],"72":[0,0],"73":[0,0],"74":[0,0],"75":[0,0],"76":[0,0],"77":[0,0],"78":[0,0],"79":[1,0],"80":[0,0],"81":[0,0],"82":[0,1],"83":[0,0],"84":[0,1],"85":[1,0],"86":[0,0],"87":[0,1],"88":[0,1],"89":[1,0],"90":[5,0],"91":[1,0],"92":[0,1],"93":[0,1],"94":[0,5],"95":[5,0],"96":[0,0],"97":[0,0],"98":[0,0],"99":[0,0],"100":[0,0],"101":[0,0],"102":[0,0],"103":[0,0],"104":[0,0],"105":[0,0],"106":[0,0],"107":[0,0],"108":[0,0],"109":[0,0],"110":[0,0],"111":[0,0],"112":[0,0],"113":[5,5]},"meta":{"lastBranch":114,"lastFunction":79,"lastStatement":280,"seen":{"s:6:22:6:Infinity":0,"s:7:20:7:Infinity":1,"s:8:21:8:Infinity":2,"s:10:23:10:Infinity":3,"s:12:15:21:Infinity":4,"f:25:9:25:14":0,"s:26:2:26:Infinity":5,"f:29:9:29:20":1,"s:30:12:30:Infinity":6,"s:31:2:31:Infinity":7,"f:34:9:34:18":2,"s:35:12:35:Infinity":8,"s:36:2:36:Infinity":9,"s:37:2:37:Infinity":10,"f:40:9:40:27":3,"s:41:12:41:Infinity":11,"s:42:14:42:Infinity":12,"s:43:8:43:Infinity":13,"s:44:2:44:Infinity":14,"s:45:2:45:Infinity":15,"f:48:9:48:23":4,"s:49:14:49:Infinity":16,"s:50:14:50:Infinity":17,"s:51:23:51:Infinity":18,"s:52:23:52:Infinity":19,"s:53:2:53:Infinity":20,"f:56:9:56:18":5,"b:57:2:57:Infinity:undefined:undefined:undefined:undefined":0,"s:57:2:57:Infinity":21,"b:57:6:57:14:57:14:57:41:57:41:57:60":1,"s:57:60:57:Infinity":22,"s:58:20:58:Infinity":23,"s:59:2:59:Infinity":24,"f:62:9:62:19":6,"b:63:2:63:Infinity:undefined:undefined:undefined:undefined":2,"s:63:2:63:Infinity":25,"b:63:6:63:14:63:14:63:41:63:41:63:58":3,"s:63:58:63:Infinity":26,"s:64:13:64:Infinity":27,"s:65:13:65:Infinity":28,"b:66:2:66:Infinity:undefined:undefined:undefined:undefined":4,"s:66:2:66:Infinity":29,"b:66:6:66:26:66:26:66:44":5,"s:66:44:66:Infinity":30,"s:67:2:67:Infinity":31,"f:70:9:70:15":7,"s:71:2:71:Infinity":32,"f:74:9:74:20":8,"b:74:27:74:31":6,"b:74:39:74:43":7,"s:75:19:75:Infinity":33,"b:76:2:76:Infinity:undefined:undefined:undefined:undefined":8,"s:76:2:76:Infinity":34,"b:76:6:76:18:76:18:76:40":9,"s:76:40:76:Infinity":35,"s:77:12:77:Infinity":36,"s:78:2:78:Infinity":37,"b:78:9:78:19:78:19:78:Infinity":10,"f:81:9:81:19":9,"b:81:23:81:27":11,"s:82:14:82:Infinity":38,"b:83:2:83:Infinity:undefined:undefined:undefined:undefined":12,"s:83:2:83:Infinity":39,"s:83:12:83:Infinity":40,"s:84:16:84:Infinity":41,"s:85:17:85:Infinity":42,"f:85:28:85:29":10,"s:85:35:85:65":43,"b:86:2:86:Infinity:undefined:undefined:undefined:undefined":13,"s:86:2:86:Infinity":44,"s:86:14:86:Infinity":45,"s:87:12:87:Infinity":46,"b:88:2:88:Infinity:undefined:undefined:undefined:undefined":14,"s:88:2:88:Infinity":47,"s:88:14:88:Infinity":48,"s:89:2:89:Infinity":49,"b:89:10:89:22:89:22:89:27":15,"f:92:9:92:20":11,"s:93:16:93:Infinity":50,"b:93:31:93:60:93:60:93:Infinity":16,"s:94:15:94:Infinity":51,"b:94:29:94:57:94:57:94:Infinity":17,"s:95:2:95:Infinity":52,"b:95:9:95:38:95:38:95:Infinity":18,"f:98:9:98:18":12,"s:99:13:99:Infinity":53,"s:100:13:100:Infinity":54,"s:101:2:101:Infinity":55,"f:104:9:104:25":13,"s:105:12:105:Infinity":56,"b:105:12:105:36:105:36:105:Infinity":19,"s:106:12:106:Infinity":57,"b:106:12:106:34:106:34:106:Infinity":20,"s:107:2:107:Infinity":58,"f:110:9:110:22":14,"s:111:2:118:Infinity":59,"f:113:10:113:11":15,"s:114:6:117:Infinity":60,"f:121:9:121:18":16,"b:121:22:121:26":21,"s:122:2:126:Infinity":61,"f:129:9:129:28":17,"b:130:2:130:Infinity:undefined:undefined:undefined:undefined":22,"s:130:2:130:Infinity":62,"s:130:32:130:Infinity":63,"s:131:14:131:Infinity":64,"s:132:2:135:Infinity":65,"s:133:16:133:Infinity":66,"b:134:4:134:Infinity:undefined:undefined:undefined:undefined":23,"s:134:4:134:Infinity":67,"s:134:21:134:Infinity":68,"s:136:2:136:Infinity":69,"f:141:9:141:21":18,"b:141:35:141:41":24,"b:142:2:142:Infinity:undefined:undefined:undefined:undefined":25,"s:142:2:142:Infinity":70,"b:142:6:142:14:142:14:142:39":26,"s:142:39:142:Infinity":71,"s:143:10:143:Infinity":72,"b:144:2:144:Infinity:undefined:undefined:undefined:undefined":27,"s:144:2:144:Infinity":73,"s:144:25:144:Infinity":74,"b:145:2:150:Infinity:undefined:undefined:undefined:undefined":28,"s:145:2:150:Infinity":75,"s:146:4:149:Infinity":76,"f:148:11:148:12":19,"s:148:19:148:26":77,"s:151:14:151:Infinity":78,"b:152:2:152:Infinity:undefined:undefined:undefined:undefined":29,"s:152:2:152:Infinity":79,"s:152:25:152:Infinity":80,"s:154:11:154:Infinity":81,"s:155:11:155:Infinity":82,"s:156:10:156:Infinity":83,"s:158:12:158:Infinity":84,"s:159:2:159:Infinity":85,"s:160:2:160:Infinity":86,"s:161:2:161:Infinity":87,"s:163:2:163:Infinity":88,"f:168:9:168:24":20,"b:169:2:171:Infinity:undefined:undefined:undefined:undefined":30,"s:169:2:171:Infinity":89,"b:169:6:169:35:169:35:169:58":31,"s:170:4:170:Infinity":90,"b:170:12:170:25:170:25:170:29":32,"f:170:33:170:34":21,"s:170:41:170:69":91,"s:173:17:196:Infinity":92,"f:174:9:174:10":22,"s:175:20:179:Infinity":93,"b:176:8:176:23:176:23:176:Infinity":33,"s:180:21:184:Infinity":94,"b:181:8:181:21:181:21:181:Infinity":34,"s:185:18:185:Infinity":95,"s:187:6:194:Infinity":96,"b:192:10:192:Infinity:193:10:193:Infinity":35,"b:193:13:193:22:193:22:193:28":36,"b:193:32:193:44:193:44:193:46":37,"b:193:50:193:60:193:60:193:62":38,"f:196:10:196:11":23,"s:196:20:196:54":97,"b:196:20:196:41:196:41:196:54":39,"s:198:22:198:Infinity":98,"s:199:15:199:Infinity":99,"s:200:14:200:Infinity":100,"s:201:20:201:Infinity":101,"s:203:21:211:Infinity":102,"f:203:21:203:27":24,"b:204:4:204:Infinity:undefined:undefined:undefined:undefined":40,"s:204:4:204:Infinity":103,"s:204:23:204:Infinity":104,"s:205:17:205:Infinity":105,"s:206:4:208:Infinity":106,"s:207:6:207:Infinity":107,"s:209:4:209:Infinity":108,"s:210:4:210:Infinity":109,"s:213:2:227:Infinity":110,"s:215:4:215:Infinity":111,"f:215:27:215:28":25,"s:215:34:215:52":112,"b:218:4:218:Infinity:undefined:undefined:undefined:undefined":41,"s:218:4:218:Infinity":113,"s:218:29:218:Infinity":114,"s:220:17:220:Infinity":115,"f:220:36:220:37":26,"s:220:43:220:48":116,"s:221:14:221:Infinity":117,"s:222:4:222:Infinity":118,"s:222:26:222:Infinity":119,"s:224:4:224:Infinity":120,"s:225:4:225:Infinity":121,"s:226:4:226:Infinity":122,"s:228:2:228:Infinity":123,"s:230:2:235:Infinity":124,"f:230:23:230:24":27,"s:232:6:232:Infinity":125,"b:232:6:232:23:232:23:232:Infinity":42,"b:232:26:232:35:232:35:232:41":43,"b:232:45:232:57:232:57:232:59":44,"b:232:63:232:73:232:73:232:75":45,"s:233:14:233:Infinity":126,"b:233:14:233:38:233:38:233:Infinity":46,"s:234:4:234:Infinity":127,"f:240:24:240:35":28,"s:241:8:241:Infinity":128,"s:242:23:242:Infinity":129,"s:243:18:243:Infinity":130,"s:246:30:248:Infinity":131,"b:247:25:247:34:247:34:247:Infinity":47,"s:251:2:253:Infinity":132,"f:251:12:251:18":29,"s:252:4:252:Infinity":133,"b:252:37:252:46:252:46:252:53":48,"s:255:34:255:Infinity":134,"s:256:42:256:Infinity":135,"s:257:40:257:Infinity":136,"s:258:19:258:Infinity":137,"s:259:38:259:Infinity":138,"s:265:8:293:Infinity":139,"f:265:31:265:37":30,"s:266:17:266:Infinity":140,"s:267:16:267:Infinity":141,"s:268:4:291:Infinity":142,"b:268:20:268:30:268:30:268:34":49,"s:269:12:273:Infinity":143,"b:269:26:269:39:269:39:269:Infinity":50,"f:270:13:270:14":31,"s:270:20:270:60":144,"b:270:27:270:38:270:38:270:50:270:50:270:52":51,"s:274:12:278:Infinity":145,"b:274:29:274:45:274:45:274:Infinity":52,"s:279:18:286:Infinity":146,"b:280:15:280:24:280:24:280:26":53,"b:281:15:281:27:281:27:281:29":54,"b:282:15:282:25:282:25:282:27":55,"b:283:15:283:27:283:27:283:29":56,"b:288:6:288:Infinity:undefined:undefined:undefined:undefined":57,"s:288:6:288:Infinity":147,"s:288:25:288:Infinity":148,"s:289:6:289:Infinity":149,"s:290:6:290:Infinity":150,"s:292:4:292:Infinity":151,"s:295:8:295:Infinity":152,"f:295:28:295:34":32,"s:295:34:295:65":153,"s:297:8:305:Infinity":154,"f:297:28:297:34":33,"s:298:17:298:Infinity":155,"s:299:4:303:Infinity":156,"s:300:6:302:Infinity":157,"b:300:22:300:35:300:35:300:39":58,"s:301:8:301:Infinity":158,"s:304:4:304:Infinity":159,"f:304:37:304:38":34,"s:304:44:304:53":160,"s:307:8:315:Infinity":161,"f:307:27:307:33":35,"s:308:17:308:Infinity":162,"s:309:4:313:Infinity":163,"s:310:6:312:Infinity":164,"b:310:22:310:38:310:38:310:42":59,"s:311:8:311:Infinity":165,"s:314:4:314:Infinity":166,"s:317:8:323:Infinity":167,"f:317:30:317:36":36,"s:318:16:318:Infinity":168,"s:319:4:321:Infinity":169,"f:319:22:319:23":37,"s:320:6:320:Infinity":170,"s:322:4:322:Infinity":171,"s:325:8:331:Infinity":172,"f:325:29:325:35":38,"s:326:16:326:Infinity":173,"s:327:4:329:Infinity":174,"f:327:21:327:22":39,"s:328:6:328:Infinity":175,"s:330:4:330:Infinity":176,"s:334:8:397:Infinity":177,"f:334:33:334:39":40,"s:335:19:335:Infinity":178,"s:336:25:336:Infinity":179,"b:336:49:336:66:336:66:336:Infinity":60,"s:337:24:337:Infinity":180,"b:337:47:337:63:337:63:337:Infinity":61,"s:339:4:388:Infinity":181,"f:340:11:340:12":41,"s:341:24:341:Infinity":182,"b:341:31:341:42:341:42:341:44":62,"s:342:23:342:Infinity":183,"s:344:29:344:Infinity":184,"b:344:48:344:63:344:63:344:65":63,"s:346:14:348:Infinity":185,"b:346:24:346:37:346:37:346:41":64,"f:346:45:346:46":42,"s:347:10:347:Infinity":186,"s:349:14:349:Infinity":187,"b:349:23:349:39:349:39:349:43":65,"s:350:21:352:Infinity":188,"b:351:10:351:38:351:38:351:65:351:65:351:Infinity":66,"s:355:26:362:Infinity":189,"b:356:17:356:26:356:26:356:32":67,"b:357:17:357:29:357:29:357:31":68,"b:358:17:358:27:358:27:358:29":69,"s:364:8:375:Infinity":190,"f:377:14:377:15":43,"s:377:21:377:56":191,"b:377:21:377:41:377:41:377:56":70,"f:378:14:378:15":44,"b:379:8:382:Infinity:undefined:undefined:undefined:undefined":71,"s:379:8:382:Infinity":192,"b:380:10:380:Infinity:undefined:undefined:undefined:undefined":72,"s:380:10:380:Infinity":193,"s:380:33:380:Infinity":194,"s:381:10:381:Infinity":195,"f:381:32:381:33":45,"s:381:39:381:63":196,"b:383:8:386:Infinity:undefined:undefined:undefined:undefined":73,"s:383:8:386:Infinity":197,"b:384:10:384:Infinity:undefined:undefined:undefined:undefined":74,"s:384:10:384:Infinity":198,"s:384:32:384:Infinity":199,"s:385:10:385:Infinity":200,"f:385:31:385:32":46,"s:385:38:385:61":201,"s:387:8:387:Infinity":202,"s:400:8:411:Infinity":203,"f:400:30:400:36":47,"s:401:17:401:Infinity":204,"f:401:43:401:49":48,"s:401:49:401:51":205,"s:402:4:406:Infinity":206,"b:403:6:405:Infinity:undefined:undefined:undefined:undefined":75,"s:403:6:405:Infinity":207,"b:403:10:403:30:403:30:403:47":76,"s:404:8:404:Infinity":208,"s:407:4:409:Infinity":209,"f:407:17:407:18":49,"s:408:6:408:Infinity":210,"f:408:16:408:17":50,"s:408:20:408:65":211,"b:408:27:408:42:408:42:408:48":77,"b:408:48:408:63:408:63:408:65":78,"s:410:4:410:Infinity":212,"s:414:8:417:Infinity":213,"f:415:4:415:10":51,"s:415:10:415:Infinity":214,"f:415:26:415:27":52,"s:415:35:415:54":215,"s:419:8:427:Infinity":216,"f:419:30:419:36":53,"s:420:18:420:Infinity":217,"s:421:22:421:Infinity":218,"f:421:41:421:42":54,"s:421:51:421:74":219,"b:422:4:422:Infinity:undefined:undefined:undefined:undefined":79,"s:422:4:422:Infinity":220,"s:422:16:422:Infinity":221,"b:423:4:425:Infinity:undefined:undefined:undefined:undefined":80,"s:423:4:425:Infinity":222,"b:423:8:423:26:423:26:423:38":81,"s:424:6:424:Infinity":223,"s:426:4:426:Infinity":224,"s:429:8:436:Infinity":225,"f:430:4:430:Infinity":55,"s:431:6:434:Infinity":226,"f:431:32:431:33":56,"s:432:20:432:Infinity":227,"s:433:8:433:Infinity":228,"s:438:19:438:Infinity":229,"b:438:42:438:56:438:56:438:Infinity":82,"s:440:34:443:Infinity":230,"f:440:34:440:35":57,"s:441:19:441:Infinity":231,"f:441:64:441:65":58,"s:441:71:441:78":232,"s:442:4:442:Infinity":233,"s:445:25:447:Infinity":234,"f:445:25:445:31":59,"s:446:4:446:Infinity":235,"f:446:18:446:19":60,"s:446:25:446:59":236,"s:449:25:451:Infinity":237,"f:449:25:449:31":61,"s:450:4:450:Infinity":238,"f:450:18:450:19":62,"s:450:25:450:58":239,"s:453:20:459:Infinity":240,"f:453:20:453:21":63,"s:454:4:458:Infinity":241,"f:454:20:454:21":64,"s:455:18:455:Infinity":242,"b:456:6:456:Infinity:undefined:undefined:undefined:undefined":83,"s:456:6:456:Infinity":243,"s:456:15:456:Infinity":244,"f:456:34:456:35":65,"s:456:41:456:55":245,"s:457:6:457:Infinity":246,"f:457:38:457:39":66,"s:457:48:457:53":247,"s:461:24:463:Infinity":248,"f:461:24:461:30":67,"s:462:4:462:Infinity":249,"s:466:22:466:Infinity":250,"s:467:28:467:Infinity":251,"s:470:2:701:Infinity":252,"b:479:48:479:69:479:69:479:Infinity":84,"f:480:23:480:29":68,"s:480:29:480:Infinity":253,"b:486:47:486:68:486:68:486:Infinity":85,"f:487:23:487:29":69,"s:487:29:487:Infinity":254,"f:514:26:514:27":70,"s:515:32:515:Infinity":255,"b:515:32:515:50:515:50:515:Infinity":86,"s:516:18:516:Infinity":256,"b:530:18:530:Infinity:531:18:531:Infinity":87,"b:534:14:545:Infinity:547:14:558:Infinity":88,"f:538:26:538:27":71,"s:538:33:538:Infinity":257,"f:540:31:540:32":72,"s:541:18:543:Infinity":258,"f:551:26:551:27":73,"s:551:33:551:Infinity":259,"f:553:30:553:31":74,"s:554:18:556:Infinity":260,"b:570:47:570:68:570:68:570:Infinity":89,"f:576:28:576:29":75,"s:577:31:577:Infinity":261,"s:578:16:586:Infinity":262,"b:582:40:582:61:582:61:582:Infinity":90,"f:583:29:583:35":76,"s:583:35:583:Infinity":263,"b:594:9:594:24:594:24:594:Infinity":91,"b:600:8:602:Infinity:604:8:698:Infinity":92,"b:605:52:605:78:605:78:605:80":93,"f:608:24:608:25":77,"b:609:12:609:Infinity:undefined:undefined:undefined:undefined":94,"s:609:12:609:Infinity":264,"s:609:47:609:Infinity":265,"s:611:33:611:Infinity":266,"b:611:33:611:55:611:55:611:Infinity":95,"s:613:12:695:Infinity":267,"f:630:36:630:37":78,"s:631:34:635:Infinity":268,"b:632:22:632:38:632:38:632:Infinity":96,"s:636:32:640:Infinity":269,"b:637:22:637:36:637:36:637:Infinity":97,"s:642:26:642:Infinity":270,"s:643:38:646:Infinity":271,"s:649:22:649:Infinity":272,"b:649:45:649:68:649:68:649:Infinity":98,"b:649:45:649:62:649:62:649:68":99,"b:649:68:649:84:649:84:649:Infinity":100,"s:650:38:650:Infinity":273,"b:650:38:650:64:650:64:650:Infinity":101,"s:651:40:651:Infinity":274,"s:653:33:653:Infinity":275,"b:653:45:653:57:653:57:653:58":102,"s:654:32:654:Infinity":276,"b:654:38:654:49:654:49:654:52":103,"s:655:37:655:Infinity":277,"s:656:36:656:Infinity":278,"s:658:20:685:Infinity":279,"b:678:30:678:Infinity:679:30:679:Infinity":104,"b:678:30:678:55:678:55:678:Infinity":105,"b:679:30:679:54:679:54:679:Infinity":106,"b:681:53:681:65:681:65:681:75":107,"b:683:71:683:81:683:81:683:Infinity":108,"b:661:26:661:Infinity:662:26:662:Infinity":109,"b:662:29:662:38:662:38:662:44":110,"b:662:48:662:60:662:60:662:62":111,"b:662:66:662:76:662:76:662:78":112,"b:689:19:689:Infinity:690:20:692:Infinity":113}}}
,"C:\\Users\\GAD24\\Documents\\!Junia\\AP5\\projet\\projet\\vision-360\\vision360\\src\\tests\\utils\\renderWithRouter.jsx": {"path":"C:\\Users\\GAD24\\Documents\\!Junia\\AP5\\projet\\projet\\vision-360\\vision360\\src\\tests\\utils\\renderWithRouter.jsx","statementMap":{"0":{"start":{"line":11,"column":2},"end":{"line":11,"column":null}}},"fnMap":{"0":{"name":"renderWithRouter","decl":{"start":{"line":10,"column":16},"end":{"line":10,"column":33}},"loc":{"start":{"line":10,"column":59},"end":{"line":12,"column":null}},"line":10}},"branchMap":{"0":{"loc":{"start":{"line":10,"column":37},"end":{"line":10,"column":59}},"type":"default-arg","locations":[{"start":{"line":10,"column":55},"end":{"line":10,"column":59}}],"line":10},"1":{"loc":{"start":{"line":10,"column":39},"end":{"line":10,"column":51}},"type":"default-arg","locations":[{"start":{"line":10,"column":47},"end":{"line":10,"column":51}}],"line":10}},"s":{"0":3},"f":{"0":3},"b":{"0":[3],"1":[3]},"meta":{"lastBranch":2,"lastFunction":1,"lastStatement":1,"seen":{"f:10:16:10:33":0,"b:10:55:10:59":0,"b:10:47:10:51":1,"s:11:2:11:Infinity":0}}}
}
